[0.015s] Invoking command in '/home/steffens/KITrain/build/lidar': AMENT_PREFIX_PATH=/home/steffens/KITrain/install/lidar_msgs:${AMENT_PREFIX_PATH} CMAKE_PREFIX_PATH=/home/steffens/KITrain/install/lidar_msgs:/home/steffens/KITrain/install/track_detector:/home/steffens/KITrain/install/target_velocity_estimator:/home/steffens/KITrain/install/target_distance_estimator:/home/steffens/KITrain/install/signal_detector:/home/steffens/KITrain/install/signal_detection_verificator:/home/steffens/KITrain/install/rgb_detector:/home/steffens/KITrain/install/rgb_camera:/home/steffens/KITrain/install/position_corrector:/home/steffens/KITrain/install/odometry:/home/steffens/KITrain/install/object_fuser:/home/steffens/KITrain/install/localizer:/home/steffens/KITrain/install/lidar_detector:/home/steffens/KITrain/install/lidar:/home/steffens/KITrain/install/gnss:/home/steffens/KITrain/install/clearance_profile_setter:/home/steffens/KITrain/install/clearance_profile_observer:/home/steffens/KITrain/install/camera_simulator:/opt/ros/humble LD_LIBRARY_PATH=/home/steffens/KITrain/install/lidar_msgs/lib:${LD_LIBRARY_PATH} PYTHONPATH=/home/steffens/KITrain/install/lidar_msgs/local/lib/python3.10/dist-packages:${PYTHONPATH} /usr/bin/cmake --build /home/steffens/KITrain/build/lidar -- -j16 -l16
[0.061s] [35m[1mConsolidate compiler generated dependencies of target lidar_udp_publisher[0m
[0.084s] [ 50%] [32mBuilding CXX object CMakeFiles/lidar_udp_publisher.dir/src/lidar_udp_to_topic.cpp.o[0m
[2.109s] [01m[K/home/steffens/KITrain/src/ki_train/sensors/lidar/src/lidar_udp_to_topic.cpp:256:23:[m[K [01;31m[Kerror: [m[Kâ€˜[01m[Klidar[m[Kâ€™ was not declared in this scope
[2.109s]   256 |     rclcpp::Publisher<[01;31m[Klidar[m[K::msg::GroundTruthArray>::SharedPtr groundTruthPublisher_;
[2.109s]       |                       [01;31m[K^~~~~[m[K
[2.109s] [01m[K/home/steffens/KITrain/src/ki_train/sensors/lidar/src/lidar_udp_to_topic.cpp:256:51:[m[K [01;31m[Kerror: [m[Ktemplate argument 1 is invalid
[2.109s]   256 |     rclcpp::Publisher<lidar::msg::GroundTruthArray[01;31m[K>[m[K::SharedPtr groundTruthPublisher_;
[2.109s]       |                                                   [01;31m[K^[m[K
[2.109s] [01m[K/home/steffens/KITrain/src/ki_train/sensors/lidar/src/lidar_udp_to_topic.cpp:256:54:[m[K [01;31m[Kerror: [m[Kexpected â€˜[01m[K;[m[Kâ€™ at end of member declaration
[2.109s]   256 |     rclcpp::Publisher<lidar::msg::GroundTruthArray>::[01;31m[KSharedPtr[m[K groundTruthPublisher_;
[2.109s]       |                                                      [01;31m[K^~~~~~~~~[m[K
[2.109s]       |                                                               [32m[K;[m[K
[2.112s] [01m[K/home/steffens/KITrain/src/ki_train/sensors/lidar/src/lidar_udp_to_topic.cpp:256:64:[m[K [01;31m[Kerror: [m[Kâ€˜[01m[KgroundTruthPublisher_[m[Kâ€™ does not name a type
[2.112s]   256 |     rclcpp::Publisher<lidar::msg::GroundTruthArray>::SharedPtr [01;31m[KgroundTruthPublisher_[m[K;
[2.112s]       |                                                                [01;31m[K^~~~~~~~~~~~~~~~~~~~~[m[K
[2.123s] [01m[K/home/steffens/KITrain/src/ki_train/sensors/lidar/src/lidar_udp_to_topic.cpp:[m[K In constructor â€˜[01m[KLidarUDPPublisher::LidarUDPPublisher()[m[Kâ€™:
[2.123s] [01m[K/home/steffens/KITrain/src/ki_train/sensors/lidar/src/lidar_udp_to_topic.cpp:19:9:[m[K [01;31m[Kerror: [m[Kâ€˜[01m[KgroundTruthPublisher_[m[Kâ€™ was not declared in this scope; did you mean â€˜[01m[KgroundTruth_buffer_[m[Kâ€™?
[2.123s]    19 |         [01;31m[KgroundTruthPublisher_[m[K = this -> create_publisher<lidar::msg::GroundTruthArray>("LiDARGroundTruth", 10);
[2.123s]       |         [01;31m[K^~~~~~~~~~~~~~~~~~~~~[m[K
[2.123s]       |         [32m[KgroundTruth_buffer_[m[K
[2.126s] [01m[K/home/steffens/KITrain/src/ki_train/sensors/lidar/src/lidar_udp_to_topic.cpp:19:58:[m[K [01;31m[Kerror: [m[Kâ€˜[01m[Klidar[m[Kâ€™ was not declared in this scope
[2.126s]    19 |         groundTruthPublisher_ = this -> create_publisher<[01;31m[Klidar[m[K::msg::GroundTruthArray>("LiDARGroundTruth", 10);
[2.127s]       |                                                          [01;31m[K^~~~~[m[K
[2.127s] [01m[K/home/steffens/KITrain/src/ki_train/sensors/lidar/src/lidar_udp_to_topic.cpp:19:41:[m[K [01;31m[Kerror: [m[Kparse error in template argument list
[2.127s]    19 |         groundTruthPublisher_ = this -> [01;31m[Kcreate_publisher<lidar::msg::GroundTruthArray>[m[K("LiDARGroundTruth", 10);
[2.127s]       |                                         [01;31m[K^~~~~~~~~~~~~~~~~~~~~~~~~~~~~~~~~~~~~~~~~~~~~~[m[K
[2.127s] [01m[K/home/steffens/KITrain/src/ki_train/sensors/lidar/src/lidar_udp_to_topic.cpp:19:87:[m[K [01;31m[Kerror: [m[Kno matching function for call to â€˜[01m[KLidarUDPPublisher::create_publisher<<expression error> >(const char [17], int)[m[Kâ€™
[2.127s]    19 |         groundTruthPublisher_ = [01;31m[Kthis -> create_publisher<lidar::msg::GroundTruthArray>("LiDARGroundTruth", 10)[m[K;
[2.127s]       |                                 [01;31m[K~~~~~~~~~~~~~~~~~~~~~~~~~~~~~~~~~~~~~~~~~~~~~~~~~~~~~~^~~~~~~~~~~~~~~~~~~~~~~~[m[K
[2.127s] In file included from [01m[K/opt/ros/humble/include/rclcpp/rclcpp/node.hpp:1321[m[K,
[2.127s]                  from [01m[K/opt/ros/humble/include/rclcpp/rclcpp/executors/single_threaded_executor.hpp:28[m[K,
[2.127s]                  from [01m[K/opt/ros/humble/include/rclcpp/rclcpp/executors.hpp:22[m[K,
[2.127s]                  from [01m[K/opt/ros/humble/include/rclcpp/rclcpp/rclcpp.hpp:155[m[K,
[2.127s]                  from [01m[K/home/steffens/KITrain/src/ki_train/sensors/lidar/src/lidar_udp_to_topic.cpp:1[m[K:
[2.127s] [01m[K/opt/ros/humble/include/rclcpp/rclcpp/node_impl.hpp:73:1:[m[K [01;36m[Knote: [m[Kcandidate: â€˜[01m[Ktemplate<class MessageT, class AllocatorT, class PublisherT> std::shared_ptr<PublisherT> rclcpp::Node::create_publisher(const string&, const rclcpp::QoS&, const rclcpp::PublisherOptionsWithAllocator<AllocatorT>&)[m[Kâ€™
[2.127s]    73 | [01;36m[KNode[m[K::create_publisher(
[2.127s]       | [01;36m[K^~~~[m[K
[2.127s] [01m[K/opt/ros/humble/include/rclcpp/rclcpp/node_impl.hpp:73:1:[m[K [01;36m[Knote: [m[K  template argument deduction/substitution failed:
[2.128s] [01m[K/home/steffens/KITrain/src/ki_train/sensors/lidar/src/lidar_udp_to_topic.cpp:19:87:[m[K [01;31m[Kerror: [m[Ktemplate argument 1 is invalid
[2.128s]    19 |         groundTruthPublisher_ = [01;31m[Kthis -> create_publisher<lidar::msg::GroundTruthArray>("LiDARGroundTruth", 10)[m[K;
[2.128s]       |                                 [01;31m[K~~~~~~~~~~~~~~~~~~~~~~~~~~~~~~~~~~~~~~~~~~~~~~~~~~~~~~^~~~~~~~~~~~~~~~~~~~~~~~[m[K
[2.130s] [01m[K/home/steffens/KITrain/src/ki_train/sensors/lidar/src/lidar_udp_to_topic.cpp:[m[K In member function â€˜[01m[Kbool LidarUDPPublisher::convertToPointCloud(const char*, size_t)[m[Kâ€™:
[2.130s] [01m[K/home/steffens/KITrain/src/ki_train/sensors/lidar/src/lidar_udp_to_topic.cpp:168:37:[m[K [01;31m[Kerror: [m[Kâ€˜[01m[Kclass std::vector<double, std::allocator<double> >[m[Kâ€™ has no member named â€˜[01m[Kpushback[m[Kâ€™; did you mean â€˜[01m[Kpush_back[m[Kâ€™?
[2.130s]   168 |                 groundTruth_buffer_.[01;31m[Kpushback[m[K(yaw);
[2.130s]       |                                     [01;31m[K^~~~~~~~[m[K
[2.130s]       |                                     [32m[Kpush_back[m[K
[2.130s] [01m[K/home/steffens/KITrain/src/ki_train/sensors/lidar/src/lidar_udp_to_topic.cpp:170:17:[m[K [01;31m[Kerror: [m[Kâ€˜[01m[Kstring[m[Kâ€™ was not declared in this scope
[2.131s]   170 |                 [01;31m[Kstring[m[K tag = std::stod(tokens[i + 7]);
[2.131s]       |                 [01;31m[K^~~~~~[m[K
[2.131s] [01m[K/home/steffens/KITrain/src/ki_train/sensors/lidar/src/lidar_udp_to_topic.cpp:170:17:[m[K [01;36m[Knote: [m[Ksuggested alternatives:
[2.131s] In file included from [01m[K/usr/include/c++/11/iosfwd:39[m[K,
[2.131s]                  from [01m[K/usr/include/c++/11/bits/shared_ptr.h:52[m[K,
[2.131s]                  from [01m[K/usr/include/c++/11/memory:77[m[K,
[2.131s]                  from [01m[K/opt/ros/humble/include/rclcpp/rclcpp/rclcpp.hpp:153[m[K,
[2.131s]                  from [01m[K/home/steffens/KITrain/src/ki_train/sensors/lidar/src/lidar_udp_to_topic.cpp:1[m[K:
[2.131s] [01m[K/usr/include/c++/11/bits/stringfwd.h:79:33:[m[K [01;36m[Knote: [m[K  â€˜[01m[Kstd::string[m[Kâ€™
[2.131s]    79 |   typedef basic_string<char>    [01;36m[Kstring[m[K;
[2.131s]       |                                 [01;36m[K^~~~~~[m[K
[2.131s] In file included from [01m[K/usr/include/c++/11/stdexcept:39[m[K,
[2.131s]                  from [01m[K/usr/include/c++/11/system_error:41[m[K,
[2.131s]                  from [01m[K/usr/include/c++/11/mutex:42[m[K,
[2.131s]                  from [01m[K/usr/include/c++/11/future:38[m[K,
[2.131s]                  from [01m[K/opt/ros/humble/include/rclcpp/rclcpp/executors.hpp:18[m[K,
[2.131s]                  from [01m[K/opt/ros/humble/include/rclcpp/rclcpp/rclcpp.hpp:155[m[K,
[2.131s]                  from [01m[K/home/steffens/KITrain/src/ki_train/sensors/lidar/src/lidar_udp_to_topic.cpp:1[m[K:
[2.131s] [01m[K/usr/include/c++/11/string:67:11:[m[K [01;36m[Knote: [m[K  â€˜[01m[Kstd::pmr::string[m[Kâ€™
[2.132s]    67 |     using [01;36m[Kstring[m[K    = basic_string<char>;
[2.132s]       |           [01;36m[K^~~~~~[m[K
[2.133s] [01m[K/home/steffens/KITrain/src/ki_train/sensors/lidar/src/lidar_udp_to_topic.cpp:171:47:[m[K [01;31m[Kerror: [m[Kâ€˜[01m[Ktag[m[Kâ€™ was not declared in this scope; did you mean â€˜[01m[Ktan[m[Kâ€™?
[2.133s]   171 |                 groundTruth_buffer_.push_back([01;31m[Ktag[m[K);
[2.134s]       |                                               [01;31m[K^~~[m[K
[2.134s]       |                                               [32m[Ktan[m[K
[2.134s] [01m[K/home/steffens/KITrain/src/ki_train/sensors/lidar/src/lidar_udp_to_topic.cpp:177:9:[m[K [01;31m[Kerror: [m[Kexpected â€˜[01m[K}[m[Kâ€™ before â€˜[01m[Kelse[m[Kâ€™
[2.134s]   177 |         [01;31m[Kelse[m[K{
[2.134s]       |         [01;31m[K^~~~[m[K
[2.134s] [01m[K/home/steffens/KITrain/src/ki_train/sensors/lidar/src/lidar_udp_to_topic.cpp:132:32:[m[K [01;36m[Knote: [m[Kto match this â€˜[01m[K{[m[Kâ€™
[2.134s]   132 |       else if (tokens[0] =="2")[01;36m[K{[m[K
[2.134s]       |                                [01;36m[K^[m[K
[2.139s] [01m[K/home/steffens/KITrain/src/ki_train/sensors/lidar/src/lidar_udp_to_topic.cpp:[m[K In member function â€˜[01m[Kvoid LidarUDPPublisher::publishGroundTruth(const std::vector<double, std::allocator<double> >&)[m[Kâ€™:
[2.139s] [01m[K/home/steffens/KITrain/src/ki_train/sensors/lidar/src/lidar_udp_to_topic.cpp:234:47:[m[K [01;31m[Kerror: [m[Kâ€˜[01m[Klidar[m[Kâ€™ was not declared in this scope
[2.139s]   234 |      auto ground_truth_msg = std::make_shared<[01;31m[Klidar[m[K::msg::GroundTruthArray>();
[2.139s]       |                                               [01;31m[K^~~~~[m[K
[2.139s] [01m[K/home/steffens/KITrain/src/ki_train/sensors/lidar/src/lidar_udp_to_topic.cpp:234:35:[m[K [01;31m[Kerror: [m[Kparse error in template argument list
[2.139s]   234 |      auto ground_truth_msg = std::[01;31m[Kmake_shared<lidar::msg::GroundTruthArray>[m[K();
[2.139s]       |                                   [01;31m[K^~~~~~~~~~~~~~~~~~~~~~~~~~~~~~~~~~~~~~~~~[m[K
[2.139s] [01m[K/home/steffens/KITrain/src/ki_train/sensors/lidar/src/lidar_udp_to_topic.cpp:234:76:[m[K [01;31m[Kerror: [m[Kno matching function for call to â€˜[01m[Kmake_shared<<expression error> >()[m[Kâ€™
[2.139s]   234 |      auto ground_truth_msg = [01;31m[Kstd::make_shared<lidar::msg::GroundTruthArray>()[m[K;
[2.139s]       |                              [01;31m[K~~~~~~~~~~~~~~~~~~~~~~~~~~~~~~~~~~~~~~~~~~~~~~^~[m[K
[2.139s] In file included from [01m[K/usr/include/c++/11/memory:77[m[K,
[2.139s]                  from [01m[K/opt/ros/humble/include/rclcpp/rclcpp/rclcpp.hpp:153[m[K,
[2.140s]                  from [01m[K/home/steffens/KITrain/src/ki_train/sensors/lidar/src/lidar_udp_to_topic.cpp:1[m[K:
[2.140s] [01m[K/usr/include/c++/11/bits/shared_ptr.h:875:5:[m[K [01;36m[Knote: [m[Kcandidate: â€˜[01m[Ktemplate<class _Tp, class ... _Args> std::shared_ptr<_Tp> std::make_shared(_Args&& ...)[m[Kâ€™
[2.140s]   875 |     [01;36m[Kmake_shared[m[K(_Args&&... __args)
[2.140s]       |     [01;36m[K^~~~~~~~~~~[m[K
[2.140s] [01m[K/usr/include/c++/11/bits/shared_ptr.h:875:5:[m[K [01;36m[Knote: [m[K  template argument deduction/substitution failed:
[2.140s] [01m[K/home/steffens/KITrain/src/ki_train/sensors/lidar/src/lidar_udp_to_topic.cpp:234:76:[m[K [01;31m[Kerror: [m[Ktemplate argument 1 is invalid
[2.140s]   234 |      auto ground_truth_msg = [01;31m[Kstd::make_shared<lidar::msg::GroundTruthArray>()[m[K;
[2.140s]       |                              [01;31m[K~~~~~~~~~~~~~~~~~~~~~~~~~~~~~~~~~~~~~~~~~~~~~~^~[m[K
[2.140s] [01m[K/home/steffens/KITrain/src/ki_train/sensors/lidar/src/lidar_udp_to_topic.cpp:239:6:[m[K [01;31m[Kerror: [m[Kâ€˜[01m[Klidar[m[Kâ€™ is not a class, namespace, or enumeration
[2.140s]   239 |      [01;31m[Klidar[m[K::msg::GroundTruth labels;
[2.140s]       |      [01;31m[K^~~~~[m[K
[2.140s] [01m[K/home/steffens/KITrain/src/ki_train/sensors/lidar/src/lidar_udp_to_topic.cpp:241:6:[m[K [01;31m[Kerror: [m[Kâ€˜[01m[KGroundTruth[m[Kâ€™ was not declared in this scope; did you mean â€˜[01m[Klidar_msgs::msg::GroundTruth[m[Kâ€™?
[2.140s]   241 |      [01;31m[KGroundTruth[m[K.id      = groundTruth_data[i];
[2.140s]       |      [01;31m[K^~~~~~~~~~~[m[K
[2.140s]       |      [32m[Klidar_msgs::msg::GroundTruth[m[K
[2.140s] In file included from [01m[K/home/steffens/KITrain/install/lidar_msgs/include/lidar_msgs/lidar_msgs/msg/ground_truth.hpp:7[m[K,
[2.140s]                  from [01m[K/home/steffens/KITrain/src/ki_train/sensors/lidar/src/lidar_udp_to_topic.cpp:6[m[K:
[2.140s] [01m[K/home/steffens/KITrain/install/lidar_msgs/include/lidar_msgs/lidar_msgs/msg/detail/ground_truth__struct.hpp:242:7:[m[K [01;36m[Knote: [m[Kâ€˜[01m[Klidar_msgs::msg::GroundTruth[m[Kâ€™ declared here
[2.140s]   242 | using [01;36m[KGroundTruth[m[K =
[2.141s]       |       [01;36m[K^~~~~~~~~~~[m[K
[2.147s] [01m[K/home/steffens/KITrain/src/ki_train/sensors/lidar/src/lidar_udp_to_topic.cpp:252:6:[m[K [01;31m[Kerror: [m[Kâ€˜[01m[KgroundTruthPublisher[m[Kâ€™ was not declared in this scope
[2.147s]   252 |      [01;31m[KgroundTruthPublisher[m[K->publish(GroundTruth);
[2.147s]       |      [01;31m[K^~~~~~~~~~~~~~~~~~~~[m[K
[2.147s] [01m[K/home/steffens/KITrain/src/ki_train/sensors/lidar/src/lidar_udp_to_topic.cpp:252:36:[m[K [01;31m[Kerror: [m[Kâ€˜[01m[KGroundTruth[m[Kâ€™ was not declared in this scope; did you mean â€˜[01m[Klidar_msgs::msg::GroundTruth[m[Kâ€™?
[2.147s]   252 |      groundTruthPublisher->publish([01;31m[KGroundTruth[m[K);
[2.147s]       |                                    [01;31m[K^~~~~~~~~~~[m[K
[2.147s]       |                                    [32m[Klidar_msgs::msg::GroundTruth[m[K
[2.147s] In file included from [01m[K/home/steffens/KITrain/install/lidar_msgs/include/lidar_msgs/lidar_msgs/msg/ground_truth.hpp:7[m[K,
[2.147s]                  from [01m[K/home/steffens/KITrain/src/ki_train/sensors/lidar/src/lidar_udp_to_topic.cpp:6[m[K:
[2.147s] [01m[K/home/steffens/KITrain/install/lidar_msgs/include/lidar_msgs/lidar_msgs/msg/detail/ground_truth__struct.hpp:242:7:[m[K [01;36m[Knote: [m[Kâ€˜[01m[Klidar_msgs::msg::GroundTruth[m[Kâ€™ declared here
[2.147s]   242 | using [01;36m[KGroundTruth[m[K =
[2.147s]       |       [01;36m[K^~~~~~~~~~~[m[K
[2.821s] gmake[2]: *** [CMakeFiles/lidar_udp_publisher.dir/build.make:76: CMakeFiles/lidar_udp_publisher.dir/src/lidar_udp_to_topic.cpp.o] Error 1
[2.821s] gmake[1]: *** [CMakeFiles/Makefile2:137: CMakeFiles/lidar_udp_publisher.dir/all] Error 2
[2.822s] gmake: *** [Makefile:146: all] Error 2
[2.825s] Invoked command in '/home/steffens/KITrain/build/lidar' returned '2': AMENT_PREFIX_PATH=/home/steffens/KITrain/install/lidar_msgs:${AMENT_PREFIX_PATH} CMAKE_PREFIX_PATH=/home/steffens/KITrain/install/lidar_msgs:/home/steffens/KITrain/install/track_detector:/home/steffens/KITrain/install/target_velocity_estimator:/home/steffens/KITrain/install/target_distance_estimator:/home/steffens/KITrain/install/signal_detector:/home/steffens/KITrain/install/signal_detection_verificator:/home/steffens/KITrain/install/rgb_detector:/home/steffens/KITrain/install/rgb_camera:/home/steffens/KITrain/install/position_corrector:/home/steffens/KITrain/install/odometry:/home/steffens/KITrain/install/object_fuser:/home/steffens/KITrain/install/localizer:/home/steffens/KITrain/install/lidar_detector:/home/steffens/KITrain/install/lidar:/home/steffens/KITrain/install/gnss:/home/steffens/KITrain/install/clearance_profile_setter:/home/steffens/KITrain/install/clearance_profile_observer:/home/steffens/KITrain/install/camera_simulator:/opt/ros/humble LD_LIBRARY_PATH=/home/steffens/KITrain/install/lidar_msgs/lib:${LD_LIBRARY_PATH} PYTHONPATH=/home/steffens/KITrain/install/lidar_msgs/local/lib/python3.10/dist-packages:${PYTHONPATH} /usr/bin/cmake --build /home/steffens/KITrain/build/lidar -- -j16 -l16
