[0.015s] Invoking command in '/home/steffens/KITrain/build/lidar': AMENT_PREFIX_PATH=/home/steffens/KITrain/install/lidar_msgs:${AMENT_PREFIX_PATH} CMAKE_PREFIX_PATH=/home/steffens/KITrain/install/lidar_msgs:/home/steffens/KITrain/install/track_detector:/home/steffens/KITrain/install/target_velocity_estimator:/home/steffens/KITrain/install/target_distance_estimator:/home/steffens/KITrain/install/signal_detector:/home/steffens/KITrain/install/signal_detection_verificator:/home/steffens/KITrain/install/rgb_detector:/home/steffens/KITrain/install/rgb_camera:/home/steffens/KITrain/install/position_corrector:/home/steffens/KITrain/install/odometry:/home/steffens/KITrain/install/object_fuser:/home/steffens/KITrain/install/localizer:/home/steffens/KITrain/install/lidar_detector:/home/steffens/KITrain/install/lidar:/home/steffens/KITrain/install/gnss:/home/steffens/KITrain/install/clearance_profile_setter:/home/steffens/KITrain/install/clearance_profile_observer:/home/steffens/KITrain/install/camera_simulator:/opt/ros/humble LD_LIBRARY_PATH=/home/steffens/KITrain/install/lidar_msgs/lib:${LD_LIBRARY_PATH} PYTHONPATH=/home/steffens/KITrain/install/lidar_msgs/local/lib/python3.10/dist-packages:${PYTHONPATH} /usr/bin/cmake --build /home/steffens/KITrain/build/lidar -- -j16 -l16
[0.061s] [35m[1mConsolidate compiler generated dependencies of target lidar_udp_publisher[0m
[0.084s] [ 50%] [32mBuilding CXX object CMakeFiles/lidar_udp_publisher.dir/src/lidar_udp_to_topic.cpp.o[0m
[2.027s] [01m[K/home/steffens/KITrain/src/ki_train/sensors/lidar/src/lidar_udp_to_topic.cpp:[m[K In member function â€˜[01m[Kbool LidarUDPPublisher::convertToPointCloud(const char*, size_t)[m[Kâ€™:
[2.027s] [01m[K/home/steffens/KITrain/src/ki_train/sensors/lidar/src/lidar_udp_to_topic.cpp:170:46:[m[K [01;31m[Kerror: [m[Kconversion from â€˜[01m[Kdouble[m[Kâ€™ to non-scalar type â€˜[01m[Kstd::string[m[Kâ€™ {aka â€˜[01m[Kstd::__cxx11::basic_string<char>[m[Kâ€™} requested
[2.027s]   170 |                 std::string label = [01;31m[Kstd::stod(tokens[i + 7])[m[K;
[2.028s]       |                                     [01;31m[K~~~~~~~~~^~~~~~~~~~~~~~~[m[K
[2.028s] [01m[K/home/steffens/KITrain/src/ki_train/sensors/lidar/src/lidar_udp_to_topic.cpp:171:46:[m[K [01;31m[Kerror: [m[Kno matching function for call to â€˜[01m[Kstd::vector<double, std::allocator<double> >::push_back(std::string&)[m[Kâ€™
[2.028s]   171 |                 [01;31m[KgroundTruth_buffer_.push_back(label)[m[K;
[2.028s]       |                 [01;31m[K~~~~~~~~~~~~~~~~~~~~~~~~~~~~~^~~~~~~[m[K
[2.028s] In file included from [01m[K/usr/include/c++/11/vector:67[m[K,
[2.028s]                  from [01m[K/usr/include/c++/11/functional:62[m[K,
[2.028s]                  from [01m[K/usr/include/c++/11/pstl/glue_algorithm_defs.h:13[m[K,
[2.028s]                  from [01m[K/usr/include/c++/11/algorithm:74[m[K,
[2.028s]                  from [01m[K/opt/ros/humble/include/rclcpp/rclcpp/executor.hpp:18[m[K,
[2.028s]                  from [01m[K/opt/ros/humble/include/rclcpp/rclcpp/executors/multi_threaded_executor.hpp:25[m[K,
[2.028s]                  from [01m[K/opt/ros/humble/include/rclcpp/rclcpp/executors.hpp:21[m[K,
[2.028s]                  from [01m[K/opt/ros/humble/include/rclcpp/rclcpp/rclcpp.hpp:155[m[K,
[2.028s]                  from [01m[K/home/steffens/KITrain/src/ki_train/sensors/lidar/src/lidar_udp_to_topic.cpp:1[m[K:
[2.028s] [01m[K/usr/include/c++/11/bits/stl_vector.h:1187:7:[m[K [01;36m[Knote: [m[Kcandidate: â€˜[01m[Kvoid std::vector<_Tp, _Alloc>::push_back(const value_type&) [with _Tp = double; _Alloc = std::allocator<double>; std::vector<_Tp, _Alloc>::value_type = double][m[Kâ€™
[2.028s]  1187 |       [01;36m[Kpush_back[m[K(const value_type& __x)
[2.028s]       |       [01;36m[K^~~~~~~~~[m[K
[2.029s] [01m[K/usr/include/c++/11/bits/stl_vector.h:1187:35:[m[K [01;36m[Knote: [m[K  no known conversion for argument 1 from â€˜[01m[Kstd::string[m[Kâ€™ {aka â€˜[01m[Kstd::__cxx11::basic_string<char>[m[Kâ€™} to â€˜[01m[Kconst value_type&[m[Kâ€™ {aka â€˜[01m[Kconst double&[m[Kâ€™}
[2.029s]  1187 |       push_back([01;36m[Kconst value_type& __x[m[K)
[2.029s]       |                 [01;36m[K~~~~~~~~~~~~~~~~~~^~~[m[K
[2.029s] [01m[K/usr/include/c++/11/bits/stl_vector.h:1203:7:[m[K [01;36m[Knote: [m[Kcandidate: â€˜[01m[Kvoid std::vector<_Tp, _Alloc>::push_back(std::vector<_Tp, _Alloc>::value_type&&) [with _Tp = double; _Alloc = std::allocator<double>; std::vector<_Tp, _Alloc>::value_type = double][m[Kâ€™
[2.029s]  1203 |       [01;36m[Kpush_back[m[K(value_type&& __x)
[2.029s]       |       [01;36m[K^~~~~~~~~[m[K
[2.029s] [01m[K/usr/include/c++/11/bits/stl_vector.h:1203:30:[m[K [01;36m[Knote: [m[K  no known conversion for argument 1 from â€˜[01m[Kstd::string[m[Kâ€™ {aka â€˜[01m[Kstd::__cxx11::basic_string<char>[m[Kâ€™} to â€˜[01m[Kstd::vector<double, std::allocator<double> >::value_type&&[m[Kâ€™ {aka â€˜[01m[Kdouble&&[m[Kâ€™}
[2.029s]  1203 |       push_back([01;36m[Kvalue_type&& __x[m[K)
[2.029s]       |                 [01;36m[K~~~~~~~~~~~~~^~~[m[K
[2.030s] [01m[K/home/steffens/KITrain/src/ki_train/sensors/lidar/src/lidar_udp_to_topic.cpp:[m[K In member function â€˜[01m[Kvoid LidarUDPPublisher::publishGroundTruth(const std::vector<double, std::allocator<double> >&)[m[Kâ€™:
[2.031s] [01m[K/home/steffens/KITrain/src/ki_train/sensors/lidar/src/lidar_udp_to_topic.cpp:240:23:[m[K [01;31m[Kerror: [m[Kâ€˜[01m[Kground_truth_array[m[Kâ€™ is not a member of â€˜[01m[Klidar_msgs::msg[m[Kâ€™; did you mean â€˜[01m[KGroundTruthArray[m[Kâ€™?
[2.031s]   240 |      lidar_msgs::msg::[01;31m[Kground_truth_array[m[K labels;
[2.031s]       |                       [01;31m[K^~~~~~~~~~~~~~~~~~[m[K
[2.031s]       |                       [32m[KGroundTruthArray[m[K
[2.035s] [01m[K/home/steffens/KITrain/src/ki_train/sensors/lidar/src/lidar_udp_to_topic.cpp:242:6:[m[K [01;31m[Kerror: [m[Kâ€˜[01m[Klabels[m[Kâ€™ was not declared in this scope; did you mean â€˜[01m[Klabs[m[Kâ€™?
[2.036s]   242 |      [01;31m[Klabels[m[K.id      = groundTruth_data[i];
[2.036s]       |      [01;31m[K^~~~~~[m[K
[2.036s]       |      [32m[Klabs[m[K
[2.040s] [01m[K/home/steffens/KITrain/src/ki_train/sensors/lidar/src/lidar_udp_to_topic.cpp:253:6:[m[K [01;31m[Kerror: [m[Kâ€˜[01m[KgroundTruthPublisher[m[Kâ€™ was not declared in this scope; did you mean â€˜[01m[KgroundTruthPublisher_[m[Kâ€™?
[2.040s]   253 |      [01;31m[KgroundTruthPublisher[m[K->publish(labels);
[2.040s]       |      [01;31m[K^~~~~~~~~~~~~~~~~~~~[m[K
[2.040s]       |      [32m[KgroundTruthPublisher_[m[K
[2.043s] [01m[K/home/steffens/KITrain/src/ki_train/sensors/lidar/src/lidar_udp_to_topic.cpp:253:36:[m[K [01;31m[Kerror: [m[Kâ€˜[01m[Klabels[m[Kâ€™ was not declared in this scope; did you mean â€˜[01m[Klabs[m[Kâ€™?
[2.044s]   253 |      groundTruthPublisher->publish([01;31m[Klabels[m[K);
[2.044s]       |                                    [01;31m[K^~~~~~[m[K
[2.044s]       |                                    [32m[Klabs[m[K
[2.777s] gmake[2]: *** [CMakeFiles/lidar_udp_publisher.dir/build.make:76: CMakeFiles/lidar_udp_publisher.dir/src/lidar_udp_to_topic.cpp.o] Error 1
[2.778s] gmake[1]: *** [CMakeFiles/Makefile2:137: CMakeFiles/lidar_udp_publisher.dir/all] Error 2
[2.778s] gmake: *** [Makefile:146: all] Error 2
[2.781s] Invoked command in '/home/steffens/KITrain/build/lidar' returned '2': AMENT_PREFIX_PATH=/home/steffens/KITrain/install/lidar_msgs:${AMENT_PREFIX_PATH} CMAKE_PREFIX_PATH=/home/steffens/KITrain/install/lidar_msgs:/home/steffens/KITrain/install/track_detector:/home/steffens/KITrain/install/target_velocity_estimator:/home/steffens/KITrain/install/target_distance_estimator:/home/steffens/KITrain/install/signal_detector:/home/steffens/KITrain/install/signal_detection_verificator:/home/steffens/KITrain/install/rgb_detector:/home/steffens/KITrain/install/rgb_camera:/home/steffens/KITrain/install/position_corrector:/home/steffens/KITrain/install/odometry:/home/steffens/KITrain/install/object_fuser:/home/steffens/KITrain/install/localizer:/home/steffens/KITrain/install/lidar_detector:/home/steffens/KITrain/install/lidar:/home/steffens/KITrain/install/gnss:/home/steffens/KITrain/install/clearance_profile_setter:/home/steffens/KITrain/install/clearance_profile_observer:/home/steffens/KITrain/install/camera_simulator:/opt/ros/humble LD_LIBRARY_PATH=/home/steffens/KITrain/install/lidar_msgs/lib:${LD_LIBRARY_PATH} PYTHONPATH=/home/steffens/KITrain/install/lidar_msgs/local/lib/python3.10/dist-packages:${PYTHONPATH} /usr/bin/cmake --build /home/steffens/KITrain/build/lidar -- -j16 -l16
