[0.088s] Invoking command in '/home/steffens/KITrain/build/lidar_msgs': CMAKE_PREFIX_PATH=${CMAKE_PREFIX_PATH}:/home/steffens/KITrain/install/camera_simulator:/opt/ros/humble /usr/bin/cmake --build /home/steffens/KITrain/build/lidar_msgs -- -j16 -l16
[0.365s] -- Found ament_cmake: 1.3.9 (/opt/ros/humble/share/ament_cmake/cmake)
[0.366s] -- Found rclcpp: 16.0.9 (/opt/ros/humble/share/rclcpp/cmake)
[0.366s] -- Found rosidl_generator_c: 3.1.5 (/opt/ros/humble/share/rosidl_generator_c/cmake)
[0.366s] -- Found rosidl_adapter: 3.1.5 (/opt/ros/humble/share/rosidl_adapter/cmake)
[0.366s] -- Found rosidl_generator_cpp: 3.1.5 (/opt/ros/humble/share/rosidl_generator_cpp/cmake)
[0.367s] -- Using all available rosidl_typesupport_c: rosidl_typesupport_fastrtps_c;rosidl_typesupport_introspection_c
[0.367s] -- Using all available rosidl_typesupport_cpp: rosidl_typesupport_fastrtps_cpp;rosidl_typesupport_introspection_cpp
[0.367s] -- Found rmw_implementation_cmake: 6.1.2 (/opt/ros/humble/share/rmw_implementation_cmake/cmake)
[0.367s] -- Found rmw_fastrtps_cpp: 6.2.6 (/opt/ros/humble/share/rmw_fastrtps_cpp/cmake)
[0.473s] -- Using RMW implementation 'rmw_fastrtps_cpp' as default
[0.608s] -- Found rosidl_default_generators: 1.2.0 (/opt/ros/humble/share/rosidl_default_generators/cmake)
[0.766s] [31mCMake Error at /opt/ros/humble/share/rosidl_adapter/cmake/rosidl_adapt_interfaces.cmake:59 (message):
[0.766s]   execute_process(/usr/bin/python3 -m rosidl_adapter --package-name
[0.766s]   lidar_msgs --arguments-file
[0.766s]   /home/steffens/KITrain/build/lidar_msgs/rosidl_adapter__arguments__lidar_msgs.json
[0.766s]   --output-dir
[0.766s]   /home/steffens/KITrain/build/lidar_msgs/rosidl_adapter/lidar_msgs
[0.766s]   --output-file
[0.766s]   /home/steffens/KITrain/build/lidar_msgs/rosidl_adapter/lidar_msgs.idls)
[0.766s]   returned error code 1:
[0.766s] 
[0.766s]   Error processing 'int8_t id' of 'lidar_msgs/GroundTruth': ''int8_t' is an
[0.766s]   invalid message name.  It should have the pattern '^[A-Z][A-Za-z0-9]*$''
[0.767s] 
[0.767s]   Traceback (most recent call last):
[0.767s] 
[0.767s]     File "/usr/lib/python3.10/runpy.py", line 196, in _run_module_as_main
[0.767s]       return _run_code(code, main_globals, None,
[0.767s]     File "/usr/lib/python3.10/runpy.py", line 86, in _run_code
[0.767s]       exec(code, run_globals)
[0.767s]     File "/opt/ros/humble/local/lib/python3.10/dist-packages/rosidl_adapter/__main__.py", line 19, in <module>
[0.767s]       sys.exit(main())
[0.768s]     File "/opt/ros/humble/local/lib/python3.10/dist-packages/rosidl_adapter/main.py", line 53, in main
[0.768s]       abs_idl_file = convert_to_idl(
[0.768s]     File "/opt/ros/humble/local/lib/python3.10/dist-packages/rosidl_adapter/__init__.py", line 19, in convert_to_idl
[0.768s]       return convert_msg_to_idl(
[0.768s]     File "/opt/ros/humble/local/lib/python3.10/dist-packages/rosidl_adapter/msg/__init__.py", line 28, in convert_msg_to_idl
[0.768s]       msg = parse_message_string(package_name, input_file.stem, content)
[0.768s]     File "/opt/ros/humble/local/lib/python3.10/dist-packages/rosidl_adapter/parser.py", line 520, in parse_message_string
[0.768s]       Type(type_string, context_package_name=pkg_name),
[0.768s]     File "/opt/ros/humble/local/lib/python3.10/dist-packages/rosidl_adapter/parser.py", line 277, in __init__
[0.768s]       super(Type, self).__init__(
[0.768s]     File "/opt/ros/humble/local/lib/python3.10/dist-packages/rosidl_adapter/parser.py", line 205, in __init__
[0.769s]       raise InvalidResourceName(
[0.769s] 
[0.769s]   rosidl_adapter.parser.InvalidResourceName: 'int8_t' is an invalid message
[0.769s]   name.  It should have the pattern '^[A-Z][A-Za-z0-9]*$'
[0.769s] 
[0.769s] Call Stack (most recent call first):
[0.769s]   /opt/ros/humble/share/rosidl_cmake/cmake/rosidl_generate_interfaces.cmake:130 (rosidl_adapt_interfaces)
[0.769s]   CMakeLists.txt:15 (rosidl_generate_interfaces)
[0.770s] 
[0.770s] [0m
[0.770s] -- Configuring incomplete, errors occurred!
[0.770s] See also "/home/steffens/KITrain/build/lidar_msgs/CMakeFiles/CMakeOutput.log".
[0.774s] gmake: *** [Makefile:963: cmake_check_build_system] Error 1
[0.776s] Invoked command in '/home/steffens/KITrain/build/lidar_msgs' returned '2': CMAKE_PREFIX_PATH=${CMAKE_PREFIX_PATH}:/home/steffens/KITrain/install/camera_simulator:/opt/ros/humble /usr/bin/cmake --build /home/steffens/KITrain/build/lidar_msgs -- -j16 -l16
