[0.325s] Invoking command in '/home/steffens/KITrain/build/gnss': CMAKE_PREFIX_PATH=${CMAKE_PREFIX_PATH}:/home/steffens/KITrain/install/camera_simulator:/opt/ros/humble /usr/bin/cmake --build /home/steffens/KITrain/build/gnss -- -j16 -l16
[0.383s] [35m[1mConsolidate compiler generated dependencies of target gnss_udp_publisher[0m
[0.405s] [ 50%] [32mBuilding CXX object CMakeFiles/gnss_udp_publisher.dir/src/gnss_udp_to_topic.cpp.o[0m
[2.375s] [01m[K/home/steffens/KITrain/src/ki_train/sensors/gnss/src/gnss_udp_to_topic.cpp:[m[K In constructor â€˜[01m[KGNSSUDPPublisher::GNSSUDPPublisher()[m[Kâ€™:
[2.375s] [01m[K/home/steffens/KITrain/src/ki_train/sensors/gnss/src/gnss_udp_to_topic.cpp:23:13:[m[K [01;31m[Kerror: [m[Kâ€˜[01m[Ksockaddr_in[m[Kâ€™ was not declared in this scope; did you mean â€˜[01m[Ksockaddr[m[Kâ€™?
[2.375s]    23 |             [01;31m[Ksockaddr_in[m[K servaddr;
[2.375s]       |             [01;31m[K^~~~~~~~~~~[m[K
[2.375s]       |             [32m[Ksockaddr[m[K
[2.379s] [01m[K/home/steffens/KITrain/src/ki_train/sensors/gnss/src/gnss_udp_to_topic.cpp:24:13:[m[K [01;31m[Kerror: [m[Kâ€˜[01m[Kservaddr[m[Kâ€™ was not declared in this scope
[2.379s]    24 |             [01;31m[Kservaddr[m[K.sin_family = AF_INET;
[2.379s]       |             [01;31m[K^~~~~~~~[m[K
[2.384s] [01m[K/home/steffens/KITrain/src/ki_train/sensors/gnss/src/gnss_udp_to_topic.cpp:25:46:[m[K [01;31m[Kerror: [m[Kâ€˜[01m[KINADDR_ANY[m[Kâ€™ was not declared in this scope
[2.384s]    25 |             servaddr.sin_addr.s_addr = htonl([01;31m[KINADDR_ANY[m[K); //to any available interface
[2.384s]       |                                              [01;31m[K^~~~~~~~~~[m[K
[2.388s] [01m[K/home/steffens/KITrain/src/ki_train/sensors/gnss/src/gnss_udp_to_topic.cpp:25:40:[m[K [01;31m[Kerror: [m[Kâ€˜[01m[Khtonl[m[Kâ€™ was not declared in this scope
[2.388s]    25 |             servaddr.sin_addr.s_addr = [01;31m[Khtonl[m[K(INADDR_ANY); //to any available interface
[2.388s]       |                                        [01;31m[K^~~~~[m[K
[2.391s] [01m[K/home/steffens/KITrain/src/ki_train/sensors/gnss/src/gnss_udp_to_topic.cpp:26:33:[m[K [01;31m[Kerror: [m[Kâ€˜[01m[Khtons[m[Kâ€™ was not declared in this scope
[2.391s]    26 |             servaddr.sin_port = [01;31m[Khtons[m[K(25002);             //PORT for GNSS stream
[2.391s]       |                                 [01;31m[K^~~~~[m[K
[2.396s] [01m[K/home/steffens/KITrain/src/ki_train/sensors/gnss/src/gnss_udp_to_topic.cpp:[m[K In member function â€˜[01m[Kvoid GNSSUDPPublisher::receiveLoop()[m[Kâ€™:
[2.396s] [01m[K/home/steffens/KITrain/src/ki_train/sensors/gnss/src/gnss_udp_to_topic.cpp:48:13:[m[K [01;31m[Kerror: [m[Kâ€˜[01m[Ksockaddr_in[m[Kâ€™ was not declared in this scope; did you mean â€˜[01m[Ksockaddr[m[Kâ€™?
[2.396s]    48 |             [01;31m[Ksockaddr_in[m[K client_addr;
[2.396s]       |             [01;31m[K^~~~~~~~~~~[m[K
[2.396s]       |             [32m[Ksockaddr[m[K
[2.401s] [01m[K/home/steffens/KITrain/src/ki_train/sensors/gnss/src/gnss_udp_to_topic.cpp:49:41:[m[K [01;31m[Kerror: [m[Kâ€˜[01m[Kclient_addr[m[Kâ€™ was not declared in this scope
[2.401s]    49 |             socklen_t addr_len = sizeof([01;31m[Kclient_addr[m[K);
[2.401s]       |                                         [01;31m[K^~~~~~~~~~~[m[K
[2.401s] [01m[K/home/steffens/KITrain/src/ki_train/sensors/gnss/src/gnss_udp_to_topic.cpp:[m[K In member function â€˜[01m[Kbool GNSSUDPPublisher::convertToNavSatFix(const char*, size_t)[m[Kâ€™:
[2.402s] [01m[K/home/steffens/KITrain/src/ki_train/sensors/gnss/src/gnss_udp_to_topic.cpp:68:1:[m[K [01;35m[Kwarning: [m[Kno return statement in function returning non-void [[01;35m[K]8;;https://gcc.gnu.org/onlinedocs/gcc/Warning-Options.html#index-Wreturn-type-Wreturn-type]8;;[m[K]
[2.402s]    68 | [01;35m[K}[m[K
[2.402s]       | [01;35m[K^[m[K
[2.984s] gmake[2]: *** [CMakeFiles/gnss_udp_publisher.dir/build.make:76: CMakeFiles/gnss_udp_publisher.dir/src/gnss_udp_to_topic.cpp.o] Error 1
[2.984s] gmake[1]: *** [CMakeFiles/Makefile2:137: CMakeFiles/gnss_udp_publisher.dir/all] Error 2
[2.984s] gmake: *** [Makefile:146: all] Error 2
[2.988s] Invoked command in '/home/steffens/KITrain/build/gnss' returned '2': CMAKE_PREFIX_PATH=${CMAKE_PREFIX_PATH}:/home/steffens/KITrain/install/camera_simulator:/opt/ros/humble /usr/bin/cmake --build /home/steffens/KITrain/build/gnss -- -j16 -l16
