[0.318s] Invoking command in '/home/steffens/KITrain/build/gnss': CMAKE_PREFIX_PATH=${CMAKE_PREFIX_PATH}:/home/steffens/KITrain/install/camera_simulator:/opt/ros/humble /usr/bin/cmake --build /home/steffens/KITrain/build/gnss -- -j16 -l16
[0.366s] [35m[1mConsolidate compiler generated dependencies of target gnss_udp_publisher[0m
[0.390s] [ 50%] [32mBuilding CXX object CMakeFiles/gnss_udp_publisher.dir/src/gnss_udp_to_topic.cpp.o[0m
[2.374s] [01m[K/home/steffens/KITrain/src/ki_train/sensors/gnss/src/gnss_udp_to_topic.cpp:[m[K In constructor â€˜[01m[KGNSSUDPPublisher::GNSSUDPPublisher()[m[Kâ€™:
[2.374s] [01m[K/home/steffens/KITrain/src/ki_train/sensors/gnss/src/gnss_udp_to_topic.cpp:14:9:[m[K [01;31m[Kerror: [m[Kâ€˜[01m[KgnssPublisher_[m[Kâ€™ was not declared in this scope
[2.374s]    14 |         [01;31m[KgnssPublisher_[m[K = this ->create_publisher<sensor_msgs::msg::NavSatFix>("gnss", 10);
[2.374s]       |         [01;31m[K^~~~~~~~~~~~~~[m[K
[2.382s] [01m[K/home/steffens/KITrain/src/ki_train/sensors/gnss/src/gnss_udp_to_topic.cpp:17:9:[m[K [01;31m[Kerror: [m[Kâ€˜[01m[Ksockfd2_[m[Kâ€™ was not declared in this scope
[2.382s]    17 |         [01;31m[Ksockfd2_[m[K = socket(AF_INET, SOCK_DGRAM, 0);
[2.382s]       |         [01;31m[K^~~~~~~~[m[K
[2.390s] [01m[K/home/steffens/KITrain/src/ki_train/sensors/gnss/src/gnss_udp_to_topic.cpp:33:13:[m[K [01;31m[Kerror: [m[Kâ€˜[01m[Kreceive_gnss_thread_[m[Kâ€™ was not declared in this scope
[2.390s]    33 |             [01;31m[Kreceive_gnss_thread_[m[K = std::thread(&GNSSUDPPublisher::receiveLoop, this);
[2.390s]       |             [01;31m[K^~~~~~~~~~~~~~~~~~~~[m[K
[2.395s] [01m[K/home/steffens/KITrain/src/ki_train/sensors/gnss/src/gnss_udp_to_topic.cpp:[m[K In destructor â€˜[01m[Kvirtual GNSSUDPPublisher::~GNSSUDPPublisher()[m[Kâ€™:
[2.395s] [01m[K/home/steffens/KITrain/src/ki_train/sensors/gnss/src/gnss_udp_to_topic.cpp:37:15:[m[K [01;31m[Kerror: [m[Kâ€˜[01m[Ksockfd2_[m[Kâ€™ was not declared in this scope
[2.395s]    37 |         close([01;31m[Ksockfd2_[m[K);
[2.395s]       |               [01;31m[K^~~~~~~~[m[K
[2.399s] [01m[K/home/steffens/KITrain/src/ki_train/sensors/gnss/src/gnss_udp_to_topic.cpp:[m[K In member function â€˜[01m[Kvoid GNSSUDPPublisher::receiveLoop()[m[Kâ€™:
[2.399s] [01m[K/home/steffens/KITrain/src/ki_train/sensors/gnss/src/gnss_udp_to_topic.cpp:52:46:[m[K [01;31m[Kerror: [m[Kâ€˜[01m[Ksockfd2_[m[Kâ€™ was not declared in this scope
[2.400s]    52 |             size_t bytes_received = recvfrom([01;31m[Ksockfd2_[m[K, buffer, MAX_UDP_PACKET_SIZE,0 , (struct sockaddr *)&client_addr, &addr_len);
[2.400s]       |                                              [01;31m[K^~~~~~~~[m[K
[2.401s] [01m[K/home/steffens/KITrain/src/ki_train/sensors/gnss/src/gnss_udp_to_topic.cpp:[m[K In member function â€˜[01m[Kbool GNSSUDPPublisher::convertToNavSatFix(const char*, size_t)[m[Kâ€™:
[2.401s] [01m[K/home/steffens/KITrain/src/ki_train/sensors/gnss/src/gnss_udp_to_topic.cpp:78:1:[m[K [01;35m[Kwarning: [m[Kno return statement in function returning non-void [[01;35m[K]8;;https://gcc.gnu.org/onlinedocs/gcc/Warning-Options.html#index-Wreturn-type-Wreturn-type]8;;[m[K]
[2.401s]    78 | [01;35m[K}[m[K
[2.401s]       | [01;35m[K^[m[K
[2.403s] [01m[K/home/steffens/KITrain/src/ki_train/sensors/gnss/src/gnss_udp_to_topic.cpp:[m[K At global scope:
[2.403s] [01m[K/home/steffens/KITrain/src/ki_train/sensors/gnss/src/gnss_udp_to_topic.cpp:104:5:[m[K [01;31m[Kerror: [m[Kspecializing member â€˜[01m[Krclcpp::Publisher<sensor_msgs::msg::NavSatFix_<std::allocator<void> >, std::allocator<void> >::SharedPtr[m[Kâ€™ requires â€˜[01m[Ktemplate<>[m[Kâ€™ syntax
[2.403s]   104 |     [01;31m[Krclcpp[m[K::Publisher<sensor_msgs::msg::NavSatFix>::SharedPtr gnssPublisher_;
[2.403s]       |     [01;31m[K^~~~~~[m[K
[2.404s] [01m[K/home/steffens/KITrain/src/ki_train/sensors/gnss/src/gnss_udp_to_topic.cpp:109:1:[m[K [01;31m[Kerror: [m[Kexpected declaration before â€˜[01m[K}[m[Kâ€™ token
[2.404s]   109 | [01;31m[K}[m[K;
[2.404s]       | [01;31m[K^[m[K
[2.970s] gmake[2]: *** [CMakeFiles/gnss_udp_publisher.dir/build.make:76: CMakeFiles/gnss_udp_publisher.dir/src/gnss_udp_to_topic.cpp.o] Error 1
[2.970s] gmake[1]: *** [CMakeFiles/Makefile2:137: CMakeFiles/gnss_udp_publisher.dir/all] Error 2
[2.971s] gmake: *** [Makefile:146: all] Error 2
[2.974s] Invoked command in '/home/steffens/KITrain/build/gnss' returned '2': CMAKE_PREFIX_PATH=${CMAKE_PREFIX_PATH}:/home/steffens/KITrain/install/camera_simulator:/opt/ros/humble /usr/bin/cmake --build /home/steffens/KITrain/build/gnss -- -j16 -l16
