[0.353s] Invoking command in '/home/steffens/KITrain/build/gnss': CMAKE_PREFIX_PATH=${CMAKE_PREFIX_PATH}:/home/steffens/KITrain/install/camera_simulator:/opt/ros/humble /usr/bin/cmake --build /home/steffens/KITrain/build/gnss -- -j16 -l16
[0.421s] -- Found ament_cmake: 1.3.9 (/opt/ros/humble/share/ament_cmake/cmake)
[0.656s] -- Found rclcpp: 16.0.9 (/opt/ros/humble/share/rclcpp/cmake)
[0.805s] -- Found rosidl_generator_c: 3.1.5 (/opt/ros/humble/share/rosidl_generator_c/cmake)
[0.824s] -- Found rosidl_adapter: 3.1.5 (/opt/ros/humble/share/rosidl_adapter/cmake)
[0.849s] -- Found rosidl_generator_cpp: 3.1.5 (/opt/ros/humble/share/rosidl_generator_cpp/cmake)
[0.881s] -- Using all available rosidl_typesupport_c: rosidl_typesupport_fastrtps_c;rosidl_typesupport_introspection_c
[0.925s] -- Using all available rosidl_typesupport_cpp: rosidl_typesupport_fastrtps_cpp;rosidl_typesupport_introspection_cpp
[1.065s] -- Found rmw_implementation_cmake: 6.1.2 (/opt/ros/humble/share/rmw_implementation_cmake/cmake)
[1.075s] -- Found rmw_fastrtps_cpp: 6.2.6 (/opt/ros/humble/share/rmw_fastrtps_cpp/cmake)
[1.271s] -- Found OpenSSL: /usr/lib/x86_64-linux-gnu/libcrypto.so (found version "3.0.2")  
[1.310s] -- Found FastRTPS: /opt/ros/humble/include  
[1.368s] -- Using RMW implementation 'rmw_fastrtps_cpp' as default
[1.405s] -- Looking for pthread.h
[1.770s] -- Looking for pthread.h - found
[1.771s] -- Performing Test CMAKE_HAVE_LIBC_PTHREAD
[1.878s] -- Performing Test CMAKE_HAVE_LIBC_PTHREAD - Success
[1.879s] -- Found Threads: TRUE  
[2.090s] -- Found sensor_msgs: 4.2.3 (/opt/ros/humble/share/sensor_msgs/cmake)
[2.560s] -- Configuring done
[2.585s] -- Generating done
[2.587s] -- Build files have been written to: /home/steffens/KITrain/build/gnss
[2.630s] [ 50%] [32mBuilding CXX object CMakeFiles/gnss_udp_publisher.dir/src/gnss_udp_to_topic.cpp.o[0m
[4.892s] [01m[K/home/steffens/KITrain/src/ki_train/sensors/gnss/src/gnss_udp_to_topic.cpp:68:41:[m[K [01;31m[Kerror: [m[Kâ€˜[01m[KNavSatFix[m[Kâ€™ is not a member of â€˜[01m[Ksensor_msgs::msg[m[Kâ€™
[4.892s]    68 |     rclcpp::Publisher<sensor_msgs::msg::[01;31m[KNavSatFix[m[K>::SharedPtr gnssPublisher_;
[4.892s]       |                                         [01;31m[K^~~~~~~~~[m[K
[4.892s] [01m[K/home/steffens/KITrain/src/ki_train/sensors/gnss/src/gnss_udp_to_topic.cpp:68:50:[m[K [01;31m[Kerror: [m[Ktemplate argument 1 is invalid
[4.892s]    68 |     rclcpp::Publisher<sensor_msgs::msg::NavSatFix[01;31m[K>[m[K::SharedPtr gnssPublisher_;
[4.892s]       |                                                  [01;31m[K^[m[K
[4.895s] [01m[K/home/steffens/KITrain/src/ki_train/sensors/gnss/src/gnss_udp_to_topic.cpp:68:53:[m[K [01;31m[Kerror: [m[Kexpected â€˜[01m[K;[m[Kâ€™ at end of member declaration
[4.895s]    68 |     rclcpp::Publisher<sensor_msgs::msg::NavSatFix>::[01;31m[KSharedPtr[m[K gnssPublisher_;
[4.895s]       |                                                     [01;31m[K^~~~~~~~~[m[K
[4.895s]       |                                                              [32m[K;[m[K
[4.899s] [01m[K/home/steffens/KITrain/src/ki_train/sensors/gnss/src/gnss_udp_to_topic.cpp:68:63:[m[K [01;31m[Kerror: [m[Kâ€˜[01m[KgnssPublisher_[m[Kâ€™ does not name a type
[4.899s]    68 |     rclcpp::Publisher<sensor_msgs::msg::NavSatFix>::SharedPtr [01;31m[KgnssPublisher_[m[K;
[4.899s]       |                                                               [01;31m[K^~~~~~~~~~~~~~[m[K
[4.907s] [01m[K/home/steffens/KITrain/src/ki_train/sensors/gnss/src/gnss_udp_to_topic.cpp:[m[K In constructor â€˜[01m[KGNSSUDPPublisher::GNSSUDPPublisher()[m[Kâ€™:
[4.907s] [01m[K/home/steffens/KITrain/src/ki_train/sensors/gnss/src/gnss_udp_to_topic.cpp:12:9:[m[K [01;31m[Kerror: [m[Kâ€˜[01m[KgnssPublisher_[m[Kâ€™ was not declared in this scope
[4.907s]    12 |         [01;31m[KgnssPublisher_[m[K = this ->create_publisher<sensor_msgs::msg::NavSatFix>("gnss", 10);
[4.907s]       |         [01;31m[K^~~~~~~~~~~~~~[m[K
[4.907s] [01m[K/home/steffens/KITrain/src/ki_train/sensors/gnss/src/gnss_udp_to_topic.cpp:12:68:[m[K [01;31m[Kerror: [m[Kâ€˜[01m[KNavSatFix[m[Kâ€™ is not a member of â€˜[01m[Ksensor_msgs::msg[m[Kâ€™
[4.907s]    12 |         gnssPublisher_ = this ->create_publisher<sensor_msgs::msg::[01;31m[KNavSatFix[m[K>("gnss", 10);
[4.907s]       |                                                                    [01;31m[K^~~~~~~~~[m[K
[4.907s] [01m[K/home/steffens/KITrain/src/ki_train/sensors/gnss/src/gnss_udp_to_topic.cpp:12:78:[m[K [01;31m[Kerror: [m[Kno matching function for call to â€˜[01m[KGNSSUDPPublisher::create_publisher<<expression error> >(const char [5], int)[m[Kâ€™
[4.907s]    12 |         gnssPublisher_ = [01;31m[Kthis ->create_publisher<sensor_msgs::msg::NavSatFix>("gnss", 10)[m[K;
[4.907s]       |                          [01;31m[K~~~~~~~~~~~~~~~~~~~~~~~~~~~~~~~~~~~~~~~~~~~~~~~~~~~~^~~~~~~~~~~~[m[K
[4.909s] In file included from [01m[K/opt/ros/humble/include/rclcpp/rclcpp/executors/single_threaded_executor.hpp:28[m[K,
[4.909s]                  from [01m[K/opt/ros/humble/include/rclcpp/rclcpp/executors.hpp:22[m[K,
[4.909s]                  from [01m[K/opt/ros/humble/include/rclcpp/rclcpp/rclcpp.hpp:155[m[K,
[4.909s]                  from [01m[K/home/steffens/KITrain/src/ki_train/sensors/gnss/src/gnss_udp_to_topic.cpp:1[m[K:
[4.910s] [01m[K/opt/ros/humble/include/rclcpp/rclcpp/node.hpp:195:3:[m[K [01;36m[Knote: [m[Kcandidate: â€˜[01m[Ktemplate<class MessageT, class AllocatorT, class PublisherT> std::shared_ptr<PublisherT> rclcpp::Node::create_publisher(const string&, const rclcpp::QoS&, const rclcpp::PublisherOptionsWithAllocator<AllocatorT>&)[m[Kâ€™
[4.910s]   195 |   [01;36m[Kcreate_publisher[m[K(
[4.910s]       |   [01;36m[K^~~~~~~~~~~~~~~~[m[K
[4.910s] [01m[K/opt/ros/humble/include/rclcpp/rclcpp/node.hpp:195:3:[m[K [01;36m[Knote: [m[K  template argument deduction/substitution failed:
[4.910s] [01m[K/home/steffens/KITrain/src/ki_train/sensors/gnss/src/gnss_udp_to_topic.cpp:12:78:[m[K [01;31m[Kerror: [m[Ktemplate argument 1 is invalid
[4.910s]    12 |         gnssPublisher_ = [01;31m[Kthis ->create_publisher<sensor_msgs::msg::NavSatFix>("gnss", 10)[m[K;
[4.910s]       |                          [01;31m[K~~~~~~~~~~~~~~~~~~~~~~~~~~~~~~~~~~~~~~~~~~~~~~~~~~~~^~~~~~~~~~~~[m[K
[4.913s] [01m[K/home/steffens/KITrain/src/ki_train/sensors/gnss/src/gnss_udp_to_topic.cpp:15:26:[m[K [01;31m[Kerror: [m[Kâ€˜[01m[KAF_INET[m[Kâ€™ was not declared in this scope
[4.913s]    15 |         sockfd_ = socket([01;31m[KAF_INET[m[K, SOCK_DGRAM, 0);
[4.913s]       |                          [01;31m[K^~~~~~~[m[K
[4.918s] [01m[K/home/steffens/KITrain/src/ki_train/sensors/gnss/src/gnss_udp_to_topic.cpp:15:35:[m[K [01;31m[Kerror: [m[Kâ€˜[01m[KSOCK_DGRAM[m[Kâ€™ was not declared in this scope
[4.918s]    15 |         sockfd_ = socket(AF_INET, [01;31m[KSOCK_DGRAM[m[K, 0);
[4.918s]       |                                   [01;31m[K^~~~~~~~~~[m[K
[4.922s] [01m[K/home/steffens/KITrain/src/ki_train/sensors/gnss/src/gnss_udp_to_topic.cpp:15:19:[m[K [01;31m[Kerror: [m[Kâ€˜[01m[Ksocket[m[Kâ€™ was not declared in this scope
[4.922s]    15 |         sockfd_ = [01;31m[Ksocket[m[K(AF_INET, SOCK_DGRAM, 0);
[4.922s]       |                   [01;31m[K^~~~~~[m[K
[4.926s] [01m[K/home/steffens/KITrain/src/ki_train/sensors/gnss/src/gnss_udp_to_topic.cpp:21:13:[m[K [01;31m[Kerror: [m[Kâ€˜[01m[Ksockaddr_in[m[Kâ€™ was not declared in this scope
[4.926s]    21 |             [01;31m[Ksockaddr_in[m[K servaddr;
[4.926s]       |             [01;31m[K^~~~~~~~~~~[m[K
[4.930s] [01m[K/home/steffens/KITrain/src/ki_train/sensors/gnss/src/gnss_udp_to_topic.cpp:22:13:[m[K [01;31m[Kerror: [m[Kâ€˜[01m[Kservaddr[m[Kâ€™ was not declared in this scope
[4.930s]    22 |             [01;31m[Kservaddr[m[K.sin_family = AF_INET;
[4.930s]       |             [01;31m[K^~~~~~~~[m[K
[4.934s] [01m[K/home/steffens/KITrain/src/ki_train/sensors/gnss/src/gnss_udp_to_topic.cpp:23:46:[m[K [01;31m[Kerror: [m[Kâ€˜[01m[KINADDR_ANY[m[Kâ€™ was not declared in this scope
[4.934s]    23 |             servaddr.sin_addr.s_addr = htonl([01;31m[KINADDR_ANY[m[K); //to any available interface
[4.935s]       |                                              [01;31m[K^~~~~~~~~~[m[K
[4.938s] [01m[K/home/steffens/KITrain/src/ki_train/sensors/gnss/src/gnss_udp_to_topic.cpp:23:40:[m[K [01;31m[Kerror: [m[Kâ€˜[01m[Khtonl[m[Kâ€™ was not declared in this scope
[4.938s]    23 |             servaddr.sin_addr.s_addr = [01;31m[Khtonl[m[K(INADDR_ANY); //to any available interface
[4.938s]       |                                        [01;31m[K^~~~~[m[K
[4.941s] [01m[K/home/steffens/KITrain/src/ki_train/sensors/gnss/src/gnss_udp_to_topic.cpp:24:33:[m[K [01;31m[Kerror: [m[Kâ€˜[01m[Khtons[m[Kâ€™ was not declared in this scope
[4.941s]    24 |             servaddr.sin_port = [01;31m[Khtons[m[K(25002);             //PORT for GNSS stream
[4.941s]       |                                 [01;31m[K^~~~~[m[K
[4.943s] [01m[K/home/steffens/KITrain/src/ki_train/sensors/gnss/src/gnss_udp_to_topic.cpp:25:36:[m[K [01;31m[Kerror: [m[KISO C++ forbids declaration of â€˜[01m[Ktype name[m[Kâ€™ with no type [[01;31m[K]8;;https://gcc.gnu.org/onlinedocs/gcc/Warning-Options.html#index-fpermissive-fpermissive]8;;[m[K]
[4.943s]    25 |             if(bind(sockfd_,(const [01;31m[Ksockaddr[m[K*)&servaddr, sizeof(servaddr)) < 0){
[4.943s]       |                                    [01;31m[K^~~~~~~~[m[K
[4.943s] [01m[K/home/steffens/KITrain/src/ki_train/sensors/gnss/src/gnss_udp_to_topic.cpp:25:30:[m[K [01;31m[Kerror: [m[Kexpected primary-expression before â€˜[01m[Kconst[m[Kâ€™
[4.943s]    25 |             if(bind(sockfd_,([01;31m[Kconst[m[K sockaddr*)&servaddr, sizeof(servaddr)) < 0){
[4.943s]       |                              [01;31m[K^~~~~[m[K
[4.943s] [01m[K/home/steffens/KITrain/src/ki_train/sensors/gnss/src/gnss_udp_to_topic.cpp:25:30:[m[K [01;31m[Kerror: [m[Kexpected â€˜[01m[K)[m[Kâ€™ before â€˜[01m[Kconst[m[Kâ€™
[4.943s] [01m[K/home/steffens/KITrain/src/ki_train/sensors/gnss/src/gnss_udp_to_topic.cpp:25:29:[m[K [01;36m[Knote: [m[Kto match this â€˜[01m[K([m[Kâ€™
[4.943s]    25 |             if(bind(sockfd_,[01;36m[K([m[Kconst sockaddr*)&servaddr, sizeof(servaddr)) < 0){
[4.943s]       |                             [01;36m[K^[m[K
[4.944s] [01m[K/home/steffens/KITrain/src/ki_train/sensors/gnss/src/gnss_udp_to_topic.cpp:31:85:[m[K [01;31m[Kerror: [m[Kexpected â€˜[01m[K)[m[Kâ€™ before â€˜[01m[K;[m[Kâ€™ token
[4.944s]    31 |             receive_gnss_thread_ = std::thread(&GNSSUDPPublisher::receiveLoop, this)[01;31m[K;[m[K
[4.944s]       |                                                                                     [01;31m[K^[m[K
[4.944s] [01m[K/home/steffens/KITrain/src/ki_train/sensors/gnss/src/gnss_udp_to_topic.cpp:25:15:[m[K [01;36m[Knote: [m[Kto match this â€˜[01m[K([m[Kâ€™
[4.944s]    25 |             if[01;36m[K([m[Kbind(sockfd_,(const sockaddr*)&servaddr, sizeof(servaddr)) < 0){
[4.944s]       |               [01;36m[K^[m[K
[4.944s] [01m[K/home/steffens/KITrain/src/ki_train/sensors/gnss/src/gnss_udp_to_topic.cpp:31:85:[m[K [01;35m[Kwarning: [m[Ksuggest braces around empty body in an â€˜[01m[Kif[m[Kâ€™ statement [[01;35m[K]8;;https://gcc.gnu.org/onlinedocs/gcc/Warning-Options.html#index-Wempty-body-Wempty-body]8;;[m[K]
[4.944s]    31 |             receive_gnss_thread_ = std::thread(&GNSSUDPPublisher::receiveLoop, this)[01;35m[K;[m[K
[4.944s]       |                                                                                     [01;35m[K^[m[K
[4.947s] [01m[K/home/steffens/KITrain/src/ki_train/sensors/gnss/src/gnss_udp_to_topic.cpp:[m[K In member function â€˜[01m[Kvoid GNSSUDPPublisher::receiveLoop()[m[Kâ€™:
[4.948s] [01m[K/home/steffens/KITrain/src/ki_train/sensors/gnss/src/gnss_udp_to_topic.cpp:46:13:[m[K [01;31m[Kerror: [m[Kâ€˜[01m[Ksockaddr_in[m[Kâ€™ was not declared in this scope
[4.948s]    46 |             [01;31m[Ksockaddr_in[m[K client_addr;
[4.948s]       |             [01;31m[K^~~~~~~~~~~[m[K
[4.952s] [01m[K/home/steffens/KITrain/src/ki_train/sensors/gnss/src/gnss_udp_to_topic.cpp:47:41:[m[K [01;31m[Kerror: [m[Kâ€˜[01m[Kclient_addr[m[Kâ€™ was not declared in this scope
[4.952s]    47 |             socklen_t addr_len = sizeof([01;31m[Kclient_addr[m[K);
[4.952s]       |                                         [01;31m[K^~~~~~~~~~~[m[K
[4.956s] [01m[K/home/steffens/KITrain/src/ki_train/sensors/gnss/src/gnss_udp_to_topic.cpp:48:37:[m[K [01;31m[Kerror: [m[Kâ€˜[01m[Krecvfrom[m[Kâ€™ was not declared in this scope
[4.956s]    48 |             size_t bytes_received = [01;31m[Krecvfrom[m[K(sockfd_, buffer, MAX_UDP_PACKET_SIZE,0 , (struct sockaddr *)&client_addr, &addr_len);
[4.956s]       |                                     [01;31m[K^~~~~~~~[m[K
[4.957s] [01m[K/home/steffens/KITrain/src/ki_train/sensors/gnss/src/gnss_udp_to_topic.cpp:[m[K In member function â€˜[01m[Kbool GNSSUDPPublisher::convertToNavSatFix(const char*, size_t)[m[Kâ€™:
[4.957s] [01m[K/home/steffens/KITrain/src/ki_train/sensors/gnss/src/gnss_udp_to_topic.cpp:66:1:[m[K [01;35m[Kwarning: [m[Kno return statement in function returning non-void [[01;35m[K]8;;https://gcc.gnu.org/onlinedocs/gcc/Warning-Options.html#index-Wreturn-type-Wreturn-type]8;;[m[K]
[4.957s]    66 | [01;35m[K}[m[K
[4.957s]       | [01;35m[K^[m[K
[5.344s] gmake[2]: *** [CMakeFiles/gnss_udp_publisher.dir/build.make:76: CMakeFiles/gnss_udp_publisher.dir/src/gnss_udp_to_topic.cpp.o] Error 1
[5.345s] gmake[1]: *** [CMakeFiles/Makefile2:137: CMakeFiles/gnss_udp_publisher.dir/all] Error 2
[5.345s] gmake: *** [Makefile:146: all] Error 2
[5.350s] Invoked command in '/home/steffens/KITrain/build/gnss' returned '2': CMAKE_PREFIX_PATH=${CMAKE_PREFIX_PATH}:/home/steffens/KITrain/install/camera_simulator:/opt/ros/humble /usr/bin/cmake --build /home/steffens/KITrain/build/gnss -- -j16 -l16
