[35m[1mConsolidate compiler generated dependencies of target lidar_udp_publisher[0m
[ 50%] [32mBuilding CXX object CMakeFiles/lidar_udp_publisher.dir/src/lidar_udp_to_topic.cpp.o[0m
[01m[K/home/steffens/KITrain/src/ki_train/sensors/lidar/src/lidar_udp_to_topic.cpp:[m[K In member function â€˜[01m[Kvoid LidarUDPPublisher::publishBoundingBoxes(const std::vector<lidar_msgs::msg::GroundTruth_<std::allocator<void> >, std::allocator<lidar_msgs::msg::GroundTruth_<std::allocator<void> > > >&)[m[Kâ€™:
[01m[K/home/steffens/KITrain/src/ki_train/sensors/lidar/src/lidar_udp_to_topic.cpp:314:54:[m[K [01;31m[Kerror: [m[Kâ€˜[01m[Kl[m[Kâ€™ was not declared in this scope
  314 |         tag_marker.id = groundTruth_buffer_.size() + [01;31m[Kl[m[K; // Ensure unique ID for the text marker
      |                                                      [01;31m[K^[m[K
[01m[K/home/steffens/KITrain/src/ki_train/sensors/lidar/src/lidar_udp_to_topic.cpp:317:38:[m[K [01;31m[Kerror: [m[Kâ€˜[01m[KgroundTruth[m[Kâ€™ was not declared in this scope
  317 |         tag_marker.pose.position.x = [01;31m[KgroundTruth[m[K.centerx;
      |                                      [01;31m[K^~~~~~~~~~~[m[K
gmake[2]: *** [CMakeFiles/lidar_udp_publisher.dir/build.make:76: CMakeFiles/lidar_udp_publisher.dir/src/lidar_udp_to_topic.cpp.o] Error 1
gmake[1]: *** [CMakeFiles/Makefile2:137: CMakeFiles/lidar_udp_publisher.dir/all] Error 2
gmake: *** [Makefile:146: all] Error 2
