[35m[1mConsolidate compiler generated dependencies of target lidar_udp_publisher[0m
[ 50%] [32mBuilding CXX object CMakeFiles/lidar_udp_publisher.dir/src/lidar_udp_to_topic.cpp.o[0m
[01m[K/home/steffens/KITrain/src/ki_train/sensors/lidar/src/lidar_udp_to_topic.cpp:269:2:[m[K [01;31m[Kerror: [m[Kexpected â€˜[01m[K}[m[Kâ€™ at end of input
  269 | }
      |  [01;31m[K^[m[K
[01m[K/home/steffens/KITrain/src/ki_train/sensors/lidar/src/lidar_udp_to_topic.cpp:13:1:[m[K [01;36m[Knote: [m[Kto match this â€˜[01m[K{[m[Kâ€™
   13 | [01;36m[K{[m[K
      | [01;36m[K^[m[K
[01m[K/home/steffens/KITrain/src/ki_train/sensors/lidar/src/lidar_udp_to_topic.cpp:[m[K In constructor â€˜[01m[KLidarUDPPublisher::LidarUDPPublisher()[m[Kâ€™:
[01m[K/home/steffens/KITrain/src/ki_train/sensors/lidar/src/lidar_udp_to_topic.cpp:17:9:[m[K [01;31m[Kerror: [m[Kâ€˜[01m[Kpublisher_[m[Kâ€™ was not declared in this scope; did you mean â€˜[01m[Krmw_publisher_t[m[Kâ€™?
   17 |         [01;31m[Kpublisher_[m[K = this ->create_publisher<sensor_msgs::msg::PointCloud2>("pointcloud", 10);
      |         [01;31m[K^~~~~~~~~~[m[K
      |         [32m[Krmw_publisher_t[m[K
[01m[K/home/steffens/KITrain/src/ki_train/sensors/lidar/src/lidar_udp_to_topic.cpp:19:9:[m[K [01;31m[Kerror: [m[Kâ€˜[01m[KgroundTruthPublisher_[m[Kâ€™ was not declared in this scope; did you mean â€˜[01m[KgroundTruth_buffer_[m[Kâ€™?
   19 |         [01;31m[KgroundTruthPublisher_[m[K = this -> create_publisher<lidar::msg::GroundTruthArray>("LiDARGroundTruth", 10);
      |         [01;31m[K^~~~~~~~~~~~~~~~~~~~~[m[K
      |         [32m[KgroundTruth_buffer_[m[K
[01m[K/home/steffens/KITrain/src/ki_train/sensors/lidar/src/lidar_udp_to_topic.cpp:19:58:[m[K [01;31m[Kerror: [m[Kâ€˜[01m[Klidar[m[Kâ€™ was not declared in this scope
   19 |         groundTruthPublisher_ = this -> create_publisher<[01;31m[Klidar[m[K::msg::GroundTruthArray>("LiDARGroundTruth", 10);
      |                                                          [01;31m[K^~~~~[m[K
[01m[K/home/steffens/KITrain/src/ki_train/sensors/lidar/src/lidar_udp_to_topic.cpp:19:41:[m[K [01;31m[Kerror: [m[Kparse error in template argument list
   19 |         groundTruthPublisher_ = this -> [01;31m[Kcreate_publisher<lidar::msg::GroundTruthArray>[m[K("LiDARGroundTruth", 10);
      |                                         [01;31m[K^~~~~~~~~~~~~~~~~~~~~~~~~~~~~~~~~~~~~~~~~~~~~~[m[K
[01m[K/home/steffens/KITrain/src/ki_train/sensors/lidar/src/lidar_udp_to_topic.cpp:19:87:[m[K [01;31m[Kerror: [m[Kno matching function for call to â€˜[01m[KLidarUDPPublisher::create_publisher<<expression error> >(const char [17], int)[m[Kâ€™
   19 |         groundTruthPublisher_ = [01;31m[Kthis -> create_publisher<lidar::msg::GroundTruthArray>("LiDARGroundTruth", 10)[m[K;
      |                                 [01;31m[K~~~~~~~~~~~~~~~~~~~~~~~~~~~~~~~~~~~~~~~~~~~~~~~~~~~~~~^~~~~~~~~~~~~~~~~~~~~~~~[m[K
In file included from [01m[K/opt/ros/humble/include/rclcpp/rclcpp/node.hpp:1321[m[K,
                 from [01m[K/opt/ros/humble/include/rclcpp/rclcpp/executors/single_threaded_executor.hpp:28[m[K,
                 from [01m[K/opt/ros/humble/include/rclcpp/rclcpp/executors.hpp:22[m[K,
                 from [01m[K/opt/ros/humble/include/rclcpp/rclcpp/rclcpp.hpp:155[m[K,
                 from [01m[K/home/steffens/KITrain/src/ki_train/sensors/lidar/src/lidar_udp_to_topic.cpp:1[m[K:
[01m[K/opt/ros/humble/include/rclcpp/rclcpp/node_impl.hpp:73:1:[m[K [01;36m[Knote: [m[Kcandidate: â€˜[01m[Ktemplate<class MessageT, class AllocatorT, class PublisherT> std::shared_ptr<PublisherT> rclcpp::Node::create_publisher(const string&, const rclcpp::QoS&, const rclcpp::PublisherOptionsWithAllocator<AllocatorT>&)[m[Kâ€™
   73 | [01;36m[KNode[m[K::create_publisher(
      | [01;36m[K^~~~[m[K
[01m[K/opt/ros/humble/include/rclcpp/rclcpp/node_impl.hpp:73:1:[m[K [01;36m[Knote: [m[K  template argument deduction/substitution failed:
[01m[K/home/steffens/KITrain/src/ki_train/sensors/lidar/src/lidar_udp_to_topic.cpp:19:87:[m[K [01;31m[Kerror: [m[Ktemplate argument 1 is invalid
   19 |         groundTruthPublisher_ = [01;31m[Kthis -> create_publisher<lidar::msg::GroundTruthArray>("LiDARGroundTruth", 10)[m[K;
      |                                 [01;31m[K~~~~~~~~~~~~~~~~~~~~~~~~~~~~~~~~~~~~~~~~~~~~~~~~~~~~~~^~~~~~~~~~~~~~~~~~~~~~~~[m[K
[01m[K/home/steffens/KITrain/src/ki_train/sensors/lidar/src/lidar_udp_to_topic.cpp:22:9:[m[K [01;31m[Kerror: [m[Kâ€˜[01m[Ksockfd_[m[Kâ€™ was not declared in this scope
   22 |         [01;31m[Ksockfd_[m[K = socket(AF_INET, SOCK_DGRAM, 0);
      |         [01;31m[K^~~~~~~[m[K
[01m[K/home/steffens/KITrain/src/ki_train/sensors/lidar/src/lidar_udp_to_topic.cpp:41:13:[m[K [01;31m[Kerror: [m[Kâ€˜[01m[Kreceive_thread_[m[Kâ€™ was not declared in this scope
   41 |             [01;31m[Kreceive_thread_[m[K = std::thread(&LidarUDPPublisher::receiveLoop, this);
      |             [01;31m[K^~~~~~~~~~~~~~~[m[K
[01m[K/home/steffens/KITrain/src/ki_train/sensors/lidar/src/lidar_udp_to_topic.cpp:[m[K In destructor â€˜[01m[Kvirtual LidarUDPPublisher::~LidarUDPPublisher()[m[Kâ€™:
[01m[K/home/steffens/KITrain/src/ki_train/sensors/lidar/src/lidar_udp_to_topic.cpp:46:15:[m[K [01;31m[Kerror: [m[Kâ€˜[01m[Ksockfd_[m[Kâ€™ was not declared in this scope
   46 |         close([01;31m[Ksockfd_[m[K);
      |               [01;31m[K^~~~~~~[m[K
[01m[K/home/steffens/KITrain/src/ki_train/sensors/lidar/src/lidar_udp_to_topic.cpp:[m[K In member function â€˜[01m[Kvoid LidarUDPPublisher::receiveLoop()[m[Kâ€™:
[01m[K/home/steffens/KITrain/src/ki_train/sensors/lidar/src/lidar_udp_to_topic.cpp:65:46:[m[K [01;31m[Kerror: [m[Kâ€˜[01m[Ksockfd_[m[Kâ€™ was not declared in this scope
   65 |             size_t bytes_received = recvfrom([01;31m[Ksockfd_[m[K, buffer, MAX_UDP_PACKET_SIZE,0 , (struct sockaddr *)&client_addr, &addr_len);
      |                                              [01;31m[K^~~~~~~[m[K
[01m[K/home/steffens/KITrain/src/ki_train/sensors/lidar/src/lidar_udp_to_topic.cpp:[m[K In member function â€˜[01m[Kbool LidarUDPPublisher::convertToPointCloud(const char*, size_t)[m[Kâ€™:
[01m[K/home/steffens/KITrain/src/ki_train/sensors/lidar/src/lidar_udp_to_topic.cpp:112:21:[m[K [01;31m[Kerror: [m[Kâ€˜[01m[KpublishPointcloud[m[Kâ€™ was not declared in this scope
  112 |                     [01;31m[KpublishPointcloud[m[K(pointcloud_buffer_);
      |                     [01;31m[K^~~~~~~~~~~~~~~~~[m[K
[01m[K/home/steffens/KITrain/src/ki_train/sensors/lidar/src/lidar_udp_to_topic.cpp:143:21:[m[K [01;31m[Kerror: [m[Kâ€˜[01m[KpublishGroundTruth[m[Kâ€™ was not declared in this scope
  143 |                     [01;31m[KpublishGroundTruth[m[K(groundTruth_buffer_);
      |                     [01;31m[K^~~~~~~~~~~~~~~~~~[m[K
[01m[K/home/steffens/KITrain/src/ki_train/sensors/lidar/src/lidar_udp_to_topic.cpp:168:37:[m[K [01;31m[Kerror: [m[Kâ€˜[01m[Kclass std::vector<double, std::allocator<double> >[m[Kâ€™ has no member named â€˜[01m[Kpushback[m[Kâ€™; did you mean â€˜[01m[Kpush_back[m[Kâ€™?
  168 |                 groundTruth_buffer_.[01;31m[Kpushback[m[K(yaw);
      |                                     [01;31m[K^~~~~~~~[m[K
      |                                     [32m[Kpush_back[m[K
[01m[K/home/steffens/KITrain/src/ki_train/sensors/lidar/src/lidar_udp_to_topic.cpp:170:17:[m[K [01;31m[Kerror: [m[Kâ€˜[01m[Kstring[m[Kâ€™ was not declared in this scope
  170 |                 [01;31m[Kstring[m[K tag = std::stod(tokens[i + 7]);
      |                 [01;31m[K^~~~~~[m[K
[01m[K/home/steffens/KITrain/src/ki_train/sensors/lidar/src/lidar_udp_to_topic.cpp:170:17:[m[K [01;36m[Knote: [m[Ksuggested alternatives:
In file included from [01m[K/usr/include/c++/11/iosfwd:39[m[K,
                 from [01m[K/usr/include/c++/11/bits/shared_ptr.h:52[m[K,
                 from [01m[K/usr/include/c++/11/memory:77[m[K,
                 from [01m[K/opt/ros/humble/include/rclcpp/rclcpp/rclcpp.hpp:153[m[K,
                 from [01m[K/home/steffens/KITrain/src/ki_train/sensors/lidar/src/lidar_udp_to_topic.cpp:1[m[K:
[01m[K/usr/include/c++/11/bits/stringfwd.h:79:33:[m[K [01;36m[Knote: [m[K  â€˜[01m[Kstd::string[m[Kâ€™
   79 |   typedef basic_string<char>    [01;36m[Kstring[m[K;
      |                                 [01;36m[K^~~~~~[m[K
In file included from [01m[K/usr/include/c++/11/stdexcept:39[m[K,
                 from [01m[K/usr/include/c++/11/system_error:41[m[K,
                 from [01m[K/usr/include/c++/11/mutex:42[m[K,
                 from [01m[K/usr/include/c++/11/future:38[m[K,
                 from [01m[K/opt/ros/humble/include/rclcpp/rclcpp/executors.hpp:18[m[K,
                 from [01m[K/opt/ros/humble/include/rclcpp/rclcpp/rclcpp.hpp:155[m[K,
                 from [01m[K/home/steffens/KITrain/src/ki_train/sensors/lidar/src/lidar_udp_to_topic.cpp:1[m[K:
[01m[K/usr/include/c++/11/string:67:11:[m[K [01;36m[Knote: [m[K  â€˜[01m[Kstd::pmr::string[m[Kâ€™
   67 |     using [01;36m[Kstring[m[K    = basic_string<char>;
      |           [01;36m[K^~~~~~[m[K
[01m[K/home/steffens/KITrain/src/ki_train/sensors/lidar/src/lidar_udp_to_topic.cpp:171:47:[m[K [01;31m[Kerror: [m[Kâ€˜[01m[Ktag[m[Kâ€™ was not declared in this scope; did you mean â€˜[01m[Ktan[m[Kâ€™?
  171 |                 groundTruth_buffer_.push_back([01;31m[Ktag[m[K);
      |                                               [01;31m[K^~~[m[K
      |                                               [32m[Ktan[m[K
[01m[K/home/steffens/KITrain/src/ki_train/sensors/lidar/src/lidar_udp_to_topic.cpp:177:9:[m[K [01;31m[Kerror: [m[Kexpected â€˜[01m[K}[m[Kâ€™ before â€˜[01m[Kelse[m[Kâ€™
  177 |         [01;31m[Kelse[m[K{
      |         [01;31m[K^~~~[m[K
[01m[K/home/steffens/KITrain/src/ki_train/sensors/lidar/src/lidar_udp_to_topic.cpp:132:32:[m[K [01;36m[Knote: [m[Kto match this â€˜[01m[K{[m[Kâ€™
  132 |       else if (tokens[0] =="2")[01;36m[K{[m[K
      |                                [01;36m[K^[m[K
[01m[K/home/steffens/KITrain/src/ki_train/sensors/lidar/src/lidar_udp_to_topic.cpp:[m[K At global scope:
[01m[K/home/steffens/KITrain/src/ki_train/sensors/lidar/src/lidar_udp_to_topic.cpp:269:2:[m[K [01;31m[Kerror: [m[Kexpected unqualified-id at end of input
  269 | }
      |  [01;31m[K^[m[K
gmake[2]: *** [CMakeFiles/lidar_udp_publisher.dir/build.make:76: CMakeFiles/lidar_udp_publisher.dir/src/lidar_udp_to_topic.cpp.o] Error 1
gmake[1]: *** [CMakeFiles/Makefile2:137: CMakeFiles/lidar_udp_publisher.dir/all] Error 2
gmake: *** [Makefile:146: all] Error 2
