[0.014s] Invoking command in '/home/steffens/KITrain/build/lidar': CMAKE_PREFIX_PATH=/home/steffens/KITrain/install/lidar_msgs:/home/steffens/KITrain/install/track_detector:/home/steffens/KITrain/install/target_velocity_estimator:/home/steffens/KITrain/install/target_distance_estimator:/home/steffens/KITrain/install/signal_detector:/home/steffens/KITrain/install/signal_detection_verificator:/home/steffens/KITrain/install/rgb_detector:/home/steffens/KITrain/install/rgb_camera:/home/steffens/KITrain/install/position_corrector:/home/steffens/KITrain/install/odometry:/home/steffens/KITrain/install/object_fuser:/home/steffens/KITrain/install/localizer:/home/steffens/KITrain/install/lidar:/home/steffens/KITrain/install/lidar_detector:/home/steffens/KITrain/install/gnss:/home/steffens/KITrain/install/clearance_profile_setter:/home/steffens/KITrain/install/clearance_profile_observer:/home/steffens/KITrain/install/camera_simulator:/opt/ros/humble /usr/bin/cmake --build /home/steffens/KITrain/build/lidar -- -j16 -l16
[0.064s] [35m[1mConsolidate compiler generated dependencies of target lidar_udp_publisher[0m
[0.090s] [ 50%] [32mBuilding CXX object CMakeFiles/lidar_udp_publisher.dir/src/lidar_udp_to_topic.cpp.o[0m
[2.355s] [01m[K/home/steffens/KITrain/src/ki_train/sensors/lidar/src/lidar_udp_to_topic.cpp:[m[K In member function â€˜[01m[Kbool LidarUDPPublisher::convertToPointCloud(const char*, size_t)[m[Kâ€™:
[2.355s] [01m[K/home/steffens/KITrain/src/ki_train/sensors/lidar/src/lidar_udp_to_topic.cpp:164:80:[m[K [01;31m[Kerror: [m[Kexpected primary-expression before â€˜[01m[K;[m[Kâ€™ token
[2.355s]   164 |                 groundtruth_msg.length_x        =  std::stod(object_tokens[3])/[01;31m[K;[m[K
[2.355s]       |                                                                                [01;31m[K^[m[K
[3.379s] gmake[2]: *** [CMakeFiles/lidar_udp_publisher.dir/build.make:76: CMakeFiles/lidar_udp_publisher.dir/src/lidar_udp_to_topic.cpp.o] Error 1
[3.379s] gmake[1]: *** [CMakeFiles/Makefile2:137: CMakeFiles/lidar_udp_publisher.dir/all] Error 2
[3.380s] gmake: *** [Makefile:146: all] Error 2
[3.383s] Invoked command in '/home/steffens/KITrain/build/lidar' returned '2': CMAKE_PREFIX_PATH=/home/steffens/KITrain/install/lidar_msgs:/home/steffens/KITrain/install/track_detector:/home/steffens/KITrain/install/target_velocity_estimator:/home/steffens/KITrain/install/target_distance_estimator:/home/steffens/KITrain/install/signal_detector:/home/steffens/KITrain/install/signal_detection_verificator:/home/steffens/KITrain/install/rgb_detector:/home/steffens/KITrain/install/rgb_camera:/home/steffens/KITrain/install/position_corrector:/home/steffens/KITrain/install/odometry:/home/steffens/KITrain/install/object_fuser:/home/steffens/KITrain/install/localizer:/home/steffens/KITrain/install/lidar:/home/steffens/KITrain/install/lidar_detector:/home/steffens/KITrain/install/gnss:/home/steffens/KITrain/install/clearance_profile_setter:/home/steffens/KITrain/install/clearance_profile_observer:/home/steffens/KITrain/install/camera_simulator:/opt/ros/humble /usr/bin/cmake --build /home/steffens/KITrain/build/lidar -- -j16 -l16
