[0.314s] Invoking command in '/home/steffens/KITrain/build/gnss': CMAKE_PREFIX_PATH=${CMAKE_PREFIX_PATH}:/home/steffens/KITrain/install/camera_simulator:/opt/ros/humble /usr/bin/cmake --build /home/steffens/KITrain/build/gnss -- -j16 -l16
[0.367s] [35m[1mConsolidate compiler generated dependencies of target gnss_udp_publisher[0m
[0.389s] [ 50%] [32mBuilding CXX object CMakeFiles/gnss_udp_publisher.dir/src/gnss_udp_to_topic.cpp.o[0m
[2.329s] [01m[K/home/steffens/KITrain/src/ki_train/sensors/gnss/src/gnss_udp_to_topic.cpp:[m[K In constructor â€˜[01m[KGNSSUDPPublisher::GNSSUDPPublisher()[m[Kâ€™:
[2.330s] [01m[K/home/steffens/KITrain/src/ki_train/sensors/gnss/src/gnss_udp_to_topic.cpp:15:26:[m[K [01;31m[Kerror: [m[Kâ€˜[01m[KAF_INET[m[Kâ€™ was not declared in this scope
[2.330s]    15 |         sockfd_ = socket([01;31m[KAF_INET[m[K, SOCK_DGRAM, 0);
[2.330s]       |                          [01;31m[K^~~~~~~[m[K
[2.334s] [01m[K/home/steffens/KITrain/src/ki_train/sensors/gnss/src/gnss_udp_to_topic.cpp:15:35:[m[K [01;31m[Kerror: [m[Kâ€˜[01m[KSOCK_DGRAM[m[Kâ€™ was not declared in this scope
[2.334s]    15 |         sockfd_ = socket(AF_INET, [01;31m[KSOCK_DGRAM[m[K, 0);
[2.334s]       |                                   [01;31m[K^~~~~~~~~~[m[K
[2.338s] [01m[K/home/steffens/KITrain/src/ki_train/sensors/gnss/src/gnss_udp_to_topic.cpp:15:19:[m[K [01;31m[Kerror: [m[Kâ€˜[01m[Ksocket[m[Kâ€™ was not declared in this scope
[2.338s]    15 |         sockfd_ = [01;31m[Ksocket[m[K(AF_INET, SOCK_DGRAM, 0);
[2.338s]       |                   [01;31m[K^~~~~~[m[K
[2.342s] [01m[K/home/steffens/KITrain/src/ki_train/sensors/gnss/src/gnss_udp_to_topic.cpp:21:13:[m[K [01;31m[Kerror: [m[Kâ€˜[01m[Ksockaddr_in[m[Kâ€™ was not declared in this scope
[2.342s]    21 |             [01;31m[Ksockaddr_in[m[K servaddr;
[2.342s]       |             [01;31m[K^~~~~~~~~~~[m[K
[2.346s] [01m[K/home/steffens/KITrain/src/ki_train/sensors/gnss/src/gnss_udp_to_topic.cpp:22:13:[m[K [01;31m[Kerror: [m[Kâ€˜[01m[Kservaddr[m[Kâ€™ was not declared in this scope
[2.346s]    22 |             [01;31m[Kservaddr[m[K.sin_family = AF_INET;
[2.346s]       |             [01;31m[K^~~~~~~~[m[K
[2.350s] [01m[K/home/steffens/KITrain/src/ki_train/sensors/gnss/src/gnss_udp_to_topic.cpp:23:46:[m[K [01;31m[Kerror: [m[Kâ€˜[01m[KINADDR_ANY[m[Kâ€™ was not declared in this scope
[2.351s]    23 |             servaddr.sin_addr.s_addr = htonl([01;31m[KINADDR_ANY[m[K); //to any available interface
[2.351s]       |                                              [01;31m[K^~~~~~~~~~[m[K
[2.354s] [01m[K/home/steffens/KITrain/src/ki_train/sensors/gnss/src/gnss_udp_to_topic.cpp:23:40:[m[K [01;31m[Kerror: [m[Kâ€˜[01m[Khtonl[m[Kâ€™ was not declared in this scope
[2.354s]    23 |             servaddr.sin_addr.s_addr = [01;31m[Khtonl[m[K(INADDR_ANY); //to any available interface
[2.354s]       |                                        [01;31m[K^~~~~[m[K
[2.357s] [01m[K/home/steffens/KITrain/src/ki_train/sensors/gnss/src/gnss_udp_to_topic.cpp:24:33:[m[K [01;31m[Kerror: [m[Kâ€˜[01m[Khtons[m[Kâ€™ was not declared in this scope
[2.357s]    24 |             servaddr.sin_port = [01;31m[Khtons[m[K(25002);             //PORT for GNSS stream
[2.357s]       |                                 [01;31m[K^~~~~[m[K
[2.357s] [01m[K/home/steffens/KITrain/src/ki_train/sensors/gnss/src/gnss_udp_to_topic.cpp:25:36:[m[K [01;31m[Kerror: [m[KISO C++ forbids declaration of â€˜[01m[Ktype name[m[Kâ€™ with no type [[01;31m[K]8;;https://gcc.gnu.org/onlinedocs/gcc/Warning-Options.html#index-fpermissive-fpermissive]8;;[m[K]
[2.357s]    25 |             if(bind(sockfd_,(const [01;31m[Ksockaddr[m[K*)&servaddr, sizeof(servaddr)) < 0){
[2.357s]       |                                    [01;31m[K^~~~~~~~[m[K
[2.357s] [01m[K/home/steffens/KITrain/src/ki_train/sensors/gnss/src/gnss_udp_to_topic.cpp:25:30:[m[K [01;31m[Kerror: [m[Kexpected primary-expression before â€˜[01m[Kconst[m[Kâ€™
[2.358s]    25 |             if(bind(sockfd_,([01;31m[Kconst[m[K sockaddr*)&servaddr, sizeof(servaddr)) < 0){
[2.358s]       |                              [01;31m[K^~~~~[m[K
[2.358s] [01m[K/home/steffens/KITrain/src/ki_train/sensors/gnss/src/gnss_udp_to_topic.cpp:25:30:[m[K [01;31m[Kerror: [m[Kexpected â€˜[01m[K)[m[Kâ€™ before â€˜[01m[Kconst[m[Kâ€™
[2.358s] [01m[K/home/steffens/KITrain/src/ki_train/sensors/gnss/src/gnss_udp_to_topic.cpp:25:29:[m[K [01;36m[Knote: [m[Kto match this â€˜[01m[K([m[Kâ€™
[2.358s]    25 |             if(bind(sockfd_,[01;36m[K([m[Kconst sockaddr*)&servaddr, sizeof(servaddr)) < 0){
[2.358s]       |                             [01;36m[K^[m[K
[2.358s] [01m[K/home/steffens/KITrain/src/ki_train/sensors/gnss/src/gnss_udp_to_topic.cpp:31:85:[m[K [01;31m[Kerror: [m[Kexpected â€˜[01m[K)[m[Kâ€™ before â€˜[01m[K;[m[Kâ€™ token
[2.358s]    31 |             receive_gnss_thread_ = std::thread(&GNSSUDPPublisher::receiveLoop, this)[01;31m[K;[m[K
[2.358s]       |                                                                                     [01;31m[K^[m[K
[2.358s] [01m[K/home/steffens/KITrain/src/ki_train/sensors/gnss/src/gnss_udp_to_topic.cpp:25:15:[m[K [01;36m[Knote: [m[Kto match this â€˜[01m[K([m[Kâ€™
[2.358s]    25 |             if[01;36m[K([m[Kbind(sockfd_,(const sockaddr*)&servaddr, sizeof(servaddr)) < 0){
[2.358s]       |               [01;36m[K^[m[K
[2.358s] [01m[K/home/steffens/KITrain/src/ki_train/sensors/gnss/src/gnss_udp_to_topic.cpp:31:85:[m[K [01;35m[Kwarning: [m[Ksuggest braces around empty body in an â€˜[01m[Kif[m[Kâ€™ statement [[01;35m[K]8;;https://gcc.gnu.org/onlinedocs/gcc/Warning-Options.html#index-Wempty-body-Wempty-body]8;;[m[K]
[2.358s]    31 |             receive_gnss_thread_ = std::thread(&GNSSUDPPublisher::receiveLoop, this)[01;35m[K;[m[K
[2.359s]       |                                                                                     [01;35m[K^[m[K
[2.362s] [01m[K/home/steffens/KITrain/src/ki_train/sensors/gnss/src/gnss_udp_to_topic.cpp:[m[K In member function â€˜[01m[Kvoid GNSSUDPPublisher::receiveLoop()[m[Kâ€™:
[2.362s] [01m[K/home/steffens/KITrain/src/ki_train/sensors/gnss/src/gnss_udp_to_topic.cpp:46:13:[m[K [01;31m[Kerror: [m[Kâ€˜[01m[Ksockaddr_in[m[Kâ€™ was not declared in this scope
[2.362s]    46 |             [01;31m[Ksockaddr_in[m[K client_addr;
[2.362s]       |             [01;31m[K^~~~~~~~~~~[m[K
[2.366s] [01m[K/home/steffens/KITrain/src/ki_train/sensors/gnss/src/gnss_udp_to_topic.cpp:47:41:[m[K [01;31m[Kerror: [m[Kâ€˜[01m[Kclient_addr[m[Kâ€™ was not declared in this scope
[2.366s]    47 |             socklen_t addr_len = sizeof([01;31m[Kclient_addr[m[K);
[2.366s]       |                                         [01;31m[K^~~~~~~~~~~[m[K
[2.370s] [01m[K/home/steffens/KITrain/src/ki_train/sensors/gnss/src/gnss_udp_to_topic.cpp:48:37:[m[K [01;31m[Kerror: [m[Kâ€˜[01m[Krecvfrom[m[Kâ€™ was not declared in this scope
[2.370s]    48 |             size_t bytes_received = [01;31m[Krecvfrom[m[K(sockfd_, buffer, MAX_UDP_PACKET_SIZE,0 , (struct sockaddr *)&client_addr, &addr_len);
[2.370s]       |                                     [01;31m[K^~~~~~~~[m[K
[2.371s] [01m[K/home/steffens/KITrain/src/ki_train/sensors/gnss/src/gnss_udp_to_topic.cpp:[m[K In member function â€˜[01m[Kbool GNSSUDPPublisher::convertToNavSatFix(const char*, size_t)[m[Kâ€™:
[2.371s] [01m[K/home/steffens/KITrain/src/ki_train/sensors/gnss/src/gnss_udp_to_topic.cpp:66:1:[m[K [01;35m[Kwarning: [m[Kno return statement in function returning non-void [[01;35m[K]8;;https://gcc.gnu.org/onlinedocs/gcc/Warning-Options.html#index-Wreturn-type-Wreturn-type]8;;[m[K]
[2.371s]    66 | [01;35m[K}[m[K
[2.371s]       | [01;35m[K^[m[K
[2.943s] gmake[2]: *** [CMakeFiles/gnss_udp_publisher.dir/build.make:76: CMakeFiles/gnss_udp_publisher.dir/src/gnss_udp_to_topic.cpp.o] Error 1
[2.943s] gmake[1]: *** [CMakeFiles/Makefile2:137: CMakeFiles/gnss_udp_publisher.dir/all] Error 2
[2.943s] gmake: *** [Makefile:146: all] Error 2
[2.948s] Invoked command in '/home/steffens/KITrain/build/gnss' returned '2': CMAKE_PREFIX_PATH=${CMAKE_PREFIX_PATH}:/home/steffens/KITrain/install/camera_simulator:/opt/ros/humble /usr/bin/cmake --build /home/steffens/KITrain/build/gnss -- -j16 -l16
