[0.315s] Invoking command in '/home/steffens/KITrain/build/rgb_camera': CMAKE_PREFIX_PATH=${CMAKE_PREFIX_PATH}:/home/steffens/KITrain/install/camera_simulator:/opt/ros/humble /usr/bin/cmake --build /home/steffens/KITrain/build/rgb_camera -- -j16 -l16
[0.390s] [35m[1mConsolidate compiler generated dependencies of target rgb_camera_receiver_main[0m
[0.414s] [ 50%] [32mBuilding CXX object CMakeFiles/rgb_camera_receiver_main.dir/src/rgb_camera_receiver_main.cpp.o[0m
[2.666s] [01m[K/home/steffens/KITrain/src/ki_train/sensors/rgb_camera/src/rgb_camera_receiver_main.cpp:[m[K In member function â€˜[01m[Kvoid RgbCameraReceiver::receiveData()[m[Kâ€™:
[2.666s] [01m[K/home/steffens/KITrain/src/ki_train/sensors/rgb_camera/src/rgb_camera_receiver_main.cpp:891:17:[m[K [01;35m[Kwarning: [m[Kcomparison of integer expressions of different signedness: â€˜[01m[Kssize_t[m[Kâ€™ {aka â€˜[01m[Klong int[m[Kâ€™} and â€˜[01m[Klong unsigned int[m[Kâ€™ [[01;35m[K]8;;https://gcc.gnu.org/onlinedocs/gcc/Warning-Options.html#index-Wsign-compare-Wsign-compare]8;;[m[K]
[2.666s]   891 |         if ([01;35m[Klen < sizeof(PacketHeader)[m[K) {
[2.666s]       |             [01;35m[K~~~~^~~~~~~~~~~~~~~~~~~~~~[m[K
[2.667s] [01m[K/home/steffens/KITrain/src/ki_train/sensors/rgb_camera/src/rgb_camera_receiver_main.cpp:912:25:[m[K [01;35m[Kwarning: [m[Kcomparison of integer expressions of different signedness: â€˜[01m[Ksize_t[m[Kâ€™ {aka â€˜[01m[Klong unsigned int[m[Kâ€™} and â€˜[01m[Kint32_t[m[Kâ€™ {aka â€˜[01m[Kint[m[Kâ€™} [[01;35m[K]8;;https://gcc.gnu.org/onlinedocs/gcc/Warning-Options.html#index-Wsign-compare-Wsign-compare]8;;[m[K]
[2.667s]   912 |         if ([01;35m[Kdata_length > segment_size[m[K) {
[2.667s]       |             [01;35m[K~~~~~~~~~~~~^~~~~~~~~~~~~~[m[K
[2.676s] [01m[K/home/steffens/KITrain/src/ki_train/sensors/rgb_camera/src/rgb_camera_receiver_main.cpp:922:34:[m[K [01;31m[Kerror: [m[Kâ€˜[01m[KbufferToHexString[m[Kâ€™ was not declared in this scope
[2.676s]   922 |         std::string buffer_hex = [01;31m[KbufferToHexString[m[K(buffer);
[2.676s]       |                                  [01;31m[K^~~~~~~~~~~~~~~~~[m[K
[2.677s] [01m[K/home/steffens/KITrain/src/ki_train/sensors/rgb_camera/src/rgb_camera_receiver_main.cpp:[m[K In member function â€˜[01m[Kvoid RgbCameraReceiver::publishImage(int32_t, int32_t)[m[Kâ€™:
[2.677s] [01m[K/home/steffens/KITrain/src/ki_train/sensors/rgb_camera/src/rgb_camera_receiver_main.cpp:934:38:[m[K [01;35m[Kwarning: [m[Kcomparison of integer expressions of different signedness: â€˜[01m[Kstd::vector<unsigned char, std::allocator<unsigned char> >::size_type[m[Kâ€™ {aka â€˜[01m[Klong unsigned int[m[Kâ€™} and â€˜[01m[Kint32_t[m[Kâ€™ {aka â€˜[01m[Kint[m[Kâ€™} [[01;35m[K]8;;https://gcc.gnu.org/onlinedocs/gcc/Warning-Options.html#index-Wsign-compare-Wsign-compare]8;;[m[K]
[2.677s]   934 |         if ([01;35m[Kimage_buffer.data.size() != total_size[m[K) {
[2.677s]       |             [01;35m[K~~~~~~~~~~~~~~~~~~~~~~~~~^~~~~~~~~~~~~[m[K
[3.360s] gmake[2]: *** [CMakeFiles/rgb_camera_receiver_main.dir/build.make:76: CMakeFiles/rgb_camera_receiver_main.dir/src/rgb_camera_receiver_main.cpp.o] Error 1
[3.361s] gmake[1]: *** [CMakeFiles/Makefile2:137: CMakeFiles/rgb_camera_receiver_main.dir/all] Error 2
[3.361s] gmake: *** [Makefile:146: all] Error 2
[3.365s] Invoked command in '/home/steffens/KITrain/build/rgb_camera' returned '2': CMAKE_PREFIX_PATH=${CMAKE_PREFIX_PATH}:/home/steffens/KITrain/install/camera_simulator:/opt/ros/humble /usr/bin/cmake --build /home/steffens/KITrain/build/rgb_camera -- -j16 -l16
