[0.018s] Invoking command in '/home/steffens/KITrain/build/lidar': CMAKE_PREFIX_PATH=/home/steffens/KITrain/install/lidar_msgs:/home/steffens/KITrain/install/track_detector:/home/steffens/KITrain/install/target_velocity_estimator:/home/steffens/KITrain/install/target_distance_estimator:/home/steffens/KITrain/install/signal_detector:/home/steffens/KITrain/install/signal_detection_verificator:/home/steffens/KITrain/install/rgb_detector:/home/steffens/KITrain/install/rgb_camera:/home/steffens/KITrain/install/position_corrector:/home/steffens/KITrain/install/odometry:/home/steffens/KITrain/install/object_fuser:/home/steffens/KITrain/install/localizer:/home/steffens/KITrain/install/lidar:/home/steffens/KITrain/install/lidar_detector:/home/steffens/KITrain/install/gnss:/home/steffens/KITrain/install/clearance_profile_setter:/home/steffens/KITrain/install/clearance_profile_observer:/home/steffens/KITrain/install/camera_simulator:/opt/ros/humble /usr/bin/cmake --build /home/steffens/KITrain/build/lidar -- -j16 -l16
[0.082s] [35m[1mConsolidate compiler generated dependencies of target lidar_udp_publisher[0m
[0.114s] [ 50%] [32mBuilding CXX object CMakeFiles/lidar_udp_publisher.dir/src/lidar_udp_to_topic.cpp.o[0m
[2.725s] [01m[K/home/steffens/KITrain/src/ki_train/sensors/lidar/src/lidar_udp_to_topic.cpp:[m[K In member function â€˜[01m[Kvoid LidarUDPPublisher::publishBoundingBoxes(const std::vector<lidar_msgs::msg::GroundTruth_<std::allocator<void> >, std::allocator<lidar_msgs::msg::GroundTruth_<std::allocator<void> > > >&)[m[Kâ€™:
[2.725s] [01m[K/home/steffens/KITrain/src/ki_train/sensors/lidar/src/lidar_udp_to_topic.cpp:252:20:[m[K [01;31m[Kerror: [m[Kno matching function for call to â€˜[01m[Ktf2::Quaternion::setRPY(int, int, const _yaw_type&, int)[m[Kâ€™
[2.725s]   252 |         [01;31m[Kquat.setRPY(0,0, groundTruth.yaw, 0)[m[K;
[2.726s]       |         [01;31m[K~~~~~~~~~~~^~~~~~~~~~~~~~~~~~~~~~~~~[m[K
[2.726s] In file included from [01m[K/home/steffens/KITrain/src/ki_train/sensors/lidar/src/lidar_udp_to_topic.cpp:11[m[K:
[2.726s] [01m[K/opt/ros/humble/include/tf2/tf2/LinearMath/Quaternion.h:88:8:[m[K [01;36m[Knote: [m[Kcandidate: â€˜[01m[Kvoid tf2::Quaternion::setRPY(const tf2Scalar&, const tf2Scalar&, const tf2Scalar&)[m[Kâ€™
[2.726s]    88 |   void [01;36m[KsetRPY[m[K(const tf2Scalar& roll, const tf2Scalar& pitch, const tf2Scalar& yaw)
[2.726s]       |        [01;36m[K^~~~~~[m[K
[2.726s] [01m[K/opt/ros/humble/include/tf2/tf2/LinearMath/Quaternion.h:88:8:[m[K [01;36m[Knote: [m[K  candidate expects 3 arguments, 4 provided
[2.726s] [01m[K/home/steffens/KITrain/src/ki_train/sensors/lidar/src/lidar_udp_to_topic.cpp:270:27:[m[K [01;31m[Kerror: [m[Kâ€˜[01m[Kusing MarkerArray = struct visualization_msgs::msg::MarkerArray_<std::allocator<void> >[m[Kâ€™ {aka â€˜[01m[Kstruct visualization_msgs::msg::MarkerArray_<std::allocator<void> >[m[Kâ€™} has no member named â€˜[01m[Kclear[m[Kâ€™
[2.726s]   270 |         boundingbox_array.[01;31m[Kclear[m[K();
[2.726s]       |                           [01;31m[K^~~~~[m[K
[3.936s] gmake[2]: *** [CMakeFiles/lidar_udp_publisher.dir/build.make:76: CMakeFiles/lidar_udp_publisher.dir/src/lidar_udp_to_topic.cpp.o] Error 1
[3.937s] gmake[1]: *** [CMakeFiles/Makefile2:137: CMakeFiles/lidar_udp_publisher.dir/all] Error 2
[3.937s] gmake: *** [Makefile:146: all] Error 2
[3.941s] Invoked command in '/home/steffens/KITrain/build/lidar' returned '2': CMAKE_PREFIX_PATH=/home/steffens/KITrain/install/lidar_msgs:/home/steffens/KITrain/install/track_detector:/home/steffens/KITrain/install/target_velocity_estimator:/home/steffens/KITrain/install/target_distance_estimator:/home/steffens/KITrain/install/signal_detector:/home/steffens/KITrain/install/signal_detection_verificator:/home/steffens/KITrain/install/rgb_detector:/home/steffens/KITrain/install/rgb_camera:/home/steffens/KITrain/install/position_corrector:/home/steffens/KITrain/install/odometry:/home/steffens/KITrain/install/object_fuser:/home/steffens/KITrain/install/localizer:/home/steffens/KITrain/install/lidar:/home/steffens/KITrain/install/lidar_detector:/home/steffens/KITrain/install/gnss:/home/steffens/KITrain/install/clearance_profile_setter:/home/steffens/KITrain/install/clearance_profile_observer:/home/steffens/KITrain/install/camera_simulator:/opt/ros/humble /usr/bin/cmake --build /home/steffens/KITrain/build/lidar -- -j16 -l16
