[0.012s] Invoking command in '/home/steffens/KITrain/build/lidar': AMENT_PREFIX_PATH=/home/steffens/KITrain/install/lidar_msgs:${AMENT_PREFIX_PATH} CMAKE_PREFIX_PATH=/home/steffens/KITrain/install/lidar_msgs:/home/steffens/KITrain/install/track_detector:/home/steffens/KITrain/install/target_velocity_estimator:/home/steffens/KITrain/install/target_distance_estimator:/home/steffens/KITrain/install/signal_detector:/home/steffens/KITrain/install/signal_detection_verificator:/home/steffens/KITrain/install/rgb_detector:/home/steffens/KITrain/install/rgb_camera:/home/steffens/KITrain/install/position_corrector:/home/steffens/KITrain/install/odometry:/home/steffens/KITrain/install/object_fuser:/home/steffens/KITrain/install/localizer:/home/steffens/KITrain/install/lidar_detector:/home/steffens/KITrain/install/lidar:/home/steffens/KITrain/install/gnss:/home/steffens/KITrain/install/clearance_profile_setter:/home/steffens/KITrain/install/clearance_profile_observer:/home/steffens/KITrain/install/camera_simulator:/opt/ros/humble LD_LIBRARY_PATH=/home/steffens/KITrain/install/lidar_msgs/lib:${LD_LIBRARY_PATH} PYTHONPATH=/home/steffens/KITrain/install/lidar_msgs/local/lib/python3.10/dist-packages:${PYTHONPATH} /usr/bin/cmake --build /home/steffens/KITrain/build/lidar -- -j16 -l16
[0.058s] [35m[1mConsolidate compiler generated dependencies of target lidar_udp_publisher[0m
[0.082s] [ 50%] [32mBuilding CXX object CMakeFiles/lidar_udp_publisher.dir/src/lidar_udp_to_topic.cpp.o[0m
[2.065s] [01m[K/home/steffens/KITrain/src/ki_train/sensors/lidar/src/lidar_udp_to_topic.cpp:[m[K In member function â€˜[01m[Kbool LidarUDPPublisher::convertToPointCloud(const char*, size_t)[m[Kâ€™:
[2.065s] [01m[K/home/steffens/KITrain/src/ki_train/sensors/lidar/src/lidar_udp_to_topic.cpp:168:37:[m[K [01;31m[Kerror: [m[Kâ€˜[01m[Kclass std::vector<double, std::allocator<double> >[m[Kâ€™ has no member named â€˜[01m[Kpushback[m[Kâ€™; did you mean â€˜[01m[Kpush_back[m[Kâ€™?
[2.065s]   168 |                 groundTruth_buffer_.[01;31m[Kpushback[m[K(yaw);
[2.065s]       |                                     [01;31m[K^~~~~~~~[m[K
[2.065s]       |                                     [32m[Kpush_back[m[K
[2.065s] [01m[K/home/steffens/KITrain/src/ki_train/sensors/lidar/src/lidar_udp_to_topic.cpp:170:17:[m[K [01;31m[Kerror: [m[Kâ€˜[01m[Kstring[m[Kâ€™ was not declared in this scope
[2.066s]   170 |                 [01;31m[Kstring[m[K tag = std::stod(tokens[i + 7]);
[2.066s]       |                 [01;31m[K^~~~~~[m[K
[2.066s] [01m[K/home/steffens/KITrain/src/ki_train/sensors/lidar/src/lidar_udp_to_topic.cpp:170:17:[m[K [01;36m[Knote: [m[Ksuggested alternatives:
[2.066s] In file included from [01m[K/usr/include/c++/11/iosfwd:39[m[K,
[2.066s]                  from [01m[K/usr/include/c++/11/bits/shared_ptr.h:52[m[K,
[2.066s]                  from [01m[K/usr/include/c++/11/memory:77[m[K,
[2.066s]                  from [01m[K/opt/ros/humble/include/rclcpp/rclcpp/rclcpp.hpp:153[m[K,
[2.066s]                  from [01m[K/home/steffens/KITrain/src/ki_train/sensors/lidar/src/lidar_udp_to_topic.cpp:1[m[K:
[2.066s] [01m[K/usr/include/c++/11/bits/stringfwd.h:79:33:[m[K [01;36m[Knote: [m[K  â€˜[01m[Kstd::string[m[Kâ€™
[2.066s]    79 |   typedef basic_string<char>    [01;36m[Kstring[m[K;
[2.066s]       |                                 [01;36m[K^~~~~~[m[K
[2.066s] In file included from [01m[K/usr/include/c++/11/stdexcept:39[m[K,
[2.066s]                  from [01m[K/usr/include/c++/11/system_error:41[m[K,
[2.066s]                  from [01m[K/usr/include/c++/11/mutex:42[m[K,
[2.066s]                  from [01m[K/usr/include/c++/11/future:38[m[K,
[2.067s]                  from [01m[K/opt/ros/humble/include/rclcpp/rclcpp/executors.hpp:18[m[K,
[2.067s]                  from [01m[K/opt/ros/humble/include/rclcpp/rclcpp/rclcpp.hpp:155[m[K,
[2.067s]                  from [01m[K/home/steffens/KITrain/src/ki_train/sensors/lidar/src/lidar_udp_to_topic.cpp:1[m[K:
[2.067s] [01m[K/usr/include/c++/11/string:67:11:[m[K [01;36m[Knote: [m[K  â€˜[01m[Kstd::pmr::string[m[Kâ€™
[2.067s]    67 |     using [01;36m[Kstring[m[K    = basic_string<char>;
[2.067s]       |           [01;36m[K^~~~~~[m[K
[2.070s] [01m[K/home/steffens/KITrain/src/ki_train/sensors/lidar/src/lidar_udp_to_topic.cpp:171:47:[m[K [01;31m[Kerror: [m[Kâ€˜[01m[Ktag[m[Kâ€™ was not declared in this scope; did you mean â€˜[01m[Ktan[m[Kâ€™?
[2.070s]   171 |                 groundTruth_buffer_.push_back([01;31m[Ktag[m[K);
[2.070s]       |                                               [01;31m[K^~~[m[K
[2.070s]       |                                               [32m[Ktan[m[K
[2.073s] [01m[K/home/steffens/KITrain/src/ki_train/sensors/lidar/src/lidar_udp_to_topic.cpp:[m[K In member function â€˜[01m[Kvoid LidarUDPPublisher::publishGroundTruth(const std::vector<double, std::allocator<double> >&)[m[Kâ€™:
[2.073s] [01m[K/home/steffens/KITrain/src/ki_train/sensors/lidar/src/lidar_udp_to_topic.cpp:240:6:[m[K [01;31m[Kerror: [m[Kâ€˜[01m[Klidar[m[Kâ€™ has not been declared
[2.073s]   240 |      [01;31m[Klidar[m[K::msg::GroundTruth labels;
[2.073s]       |      [01;31m[K^~~~~[m[K
[2.073s] [01m[K/home/steffens/KITrain/src/ki_train/sensors/lidar/src/lidar_udp_to_topic.cpp:242:6:[m[K [01;31m[Kerror: [m[Kâ€˜[01m[KGroundTruth[m[Kâ€™ was not declared in this scope; did you mean â€˜[01m[Klidar_msgs::msg::GroundTruth[m[Kâ€™?
[2.073s]   242 |      [01;31m[KGroundTruth[m[K.id      = groundTruth_data[i];
[2.074s]       |      [01;31m[K^~~~~~~~~~~[m[K
[2.074s]       |      [32m[Klidar_msgs::msg::GroundTruth[m[K
[2.074s] In file included from [01m[K/home/steffens/KITrain/install/lidar_msgs/include/lidar_msgs/lidar_msgs/msg/ground_truth.hpp:7[m[K,
[2.074s]                  from [01m[K/home/steffens/KITrain/src/ki_train/sensors/lidar/src/lidar_udp_to_topic.cpp:6[m[K:
[2.074s] [01m[K/home/steffens/KITrain/install/lidar_msgs/include/lidar_msgs/lidar_msgs/msg/detail/ground_truth__struct.hpp:242:7:[m[K [01;36m[Knote: [m[Kâ€˜[01m[Klidar_msgs::msg::GroundTruth[m[Kâ€™ declared here
[2.074s]   242 | using [01;36m[KGroundTruth[m[K =
[2.074s]       |       [01;36m[K^~~~~~~~~~~[m[K
[2.077s] [01m[K/home/steffens/KITrain/src/ki_train/sensors/lidar/src/lidar_udp_to_topic.cpp:253:6:[m[K [01;31m[Kerror: [m[Kâ€˜[01m[KgroundTruthPublisher[m[Kâ€™ was not declared in this scope; did you mean â€˜[01m[KgroundTruthPublisher_[m[Kâ€™?
[2.077s]   253 |      [01;31m[KgroundTruthPublisher[m[K->publish(GroundTruth);
[2.077s]       |      [01;31m[K^~~~~~~~~~~~~~~~~~~~[m[K
[2.078s]       |      [32m[KgroundTruthPublisher_[m[K
[2.078s] [01m[K/home/steffens/KITrain/src/ki_train/sensors/lidar/src/lidar_udp_to_topic.cpp:253:36:[m[K [01;31m[Kerror: [m[Kâ€˜[01m[KGroundTruth[m[Kâ€™ was not declared in this scope; did you mean â€˜[01m[Klidar_msgs::msg::GroundTruth[m[Kâ€™?
[2.078s]   253 |      groundTruthPublisher->publish([01;31m[KGroundTruth[m[K);
[2.078s]       |                                    [01;31m[K^~~~~~~~~~~[m[K
[2.078s]       |                                    [32m[Klidar_msgs::msg::GroundTruth[m[K
[2.078s] In file included from [01m[K/home/steffens/KITrain/install/lidar_msgs/include/lidar_msgs/lidar_msgs/msg/ground_truth.hpp:7[m[K,
[2.078s]                  from [01m[K/home/steffens/KITrain/src/ki_train/sensors/lidar/src/lidar_udp_to_topic.cpp:6[m[K:
[2.078s] [01m[K/home/steffens/KITrain/install/lidar_msgs/include/lidar_msgs/lidar_msgs/msg/detail/ground_truth__struct.hpp:242:7:[m[K [01;36m[Knote: [m[Kâ€˜[01m[Klidar_msgs::msg::GroundTruth[m[Kâ€™ declared here
[2.078s]   242 | using [01;36m[KGroundTruth[m[K =
[2.078s]       |       [01;36m[K^~~~~~~~~~~[m[K
[2.805s] gmake[2]: *** [CMakeFiles/lidar_udp_publisher.dir/build.make:76: CMakeFiles/lidar_udp_publisher.dir/src/lidar_udp_to_topic.cpp.o] Error 1
[2.806s] gmake[1]: *** [CMakeFiles/Makefile2:137: CMakeFiles/lidar_udp_publisher.dir/all] Error 2
[2.806s] gmake: *** [Makefile:146: all] Error 2
[2.809s] Invoked command in '/home/steffens/KITrain/build/lidar' returned '2': AMENT_PREFIX_PATH=/home/steffens/KITrain/install/lidar_msgs:${AMENT_PREFIX_PATH} CMAKE_PREFIX_PATH=/home/steffens/KITrain/install/lidar_msgs:/home/steffens/KITrain/install/track_detector:/home/steffens/KITrain/install/target_velocity_estimator:/home/steffens/KITrain/install/target_distance_estimator:/home/steffens/KITrain/install/signal_detector:/home/steffens/KITrain/install/signal_detection_verificator:/home/steffens/KITrain/install/rgb_detector:/home/steffens/KITrain/install/rgb_camera:/home/steffens/KITrain/install/position_corrector:/home/steffens/KITrain/install/odometry:/home/steffens/KITrain/install/object_fuser:/home/steffens/KITrain/install/localizer:/home/steffens/KITrain/install/lidar_detector:/home/steffens/KITrain/install/lidar:/home/steffens/KITrain/install/gnss:/home/steffens/KITrain/install/clearance_profile_setter:/home/steffens/KITrain/install/clearance_profile_observer:/home/steffens/KITrain/install/camera_simulator:/opt/ros/humble LD_LIBRARY_PATH=/home/steffens/KITrain/install/lidar_msgs/lib:${LD_LIBRARY_PATH} PYTHONPATH=/home/steffens/KITrain/install/lidar_msgs/local/lib/python3.10/dist-packages:${PYTHONPATH} /usr/bin/cmake --build /home/steffens/KITrain/build/lidar -- -j16 -l16
