[0.336s] Invoking command in '/home/steffens/KITrain/build/gnss': CMAKE_PREFIX_PATH=${CMAKE_PREFIX_PATH}:/home/steffens/KITrain/install/camera_simulator:/opt/ros/humble /usr/bin/cmake --build /home/steffens/KITrain/build/gnss -- -j16 -l16
[0.388s] [35m[1mConsolidate compiler generated dependencies of target gnss_udp_publisher[0m
[0.419s] [ 50%] [32mBuilding CXX object CMakeFiles/gnss_udp_publisher.dir/src/gnss_udp_to_topic.cpp.o[0m
[2.487s] [01m[K/home/steffens/KITrain/src/ki_train/sensors/gnss/src/gnss_udp_to_topic.cpp:[m[K In constructor â€˜[01m[KGNSSUDPPublisher::GNSSUDPPublisher()[m[Kâ€™:
[2.487s] [01m[K/home/steffens/KITrain/src/ki_train/sensors/gnss/src/gnss_udp_to_topic.cpp:27:21:[m[K [01;31m[Kerror: [m[Kâ€˜[01m[Ksockfd_[m[Kâ€™ was not declared in this scope; did you mean â€˜[01m[Ksockfd2_[m[Kâ€™?
[2.487s]    27 |             if(bind([01;31m[Ksockfd_[m[K,(const sockaddr*)&servaddr2, sizeof(servaddr2)) < 0){
[2.487s]       |                     [01;31m[K^~~~~~~[m[K
[2.487s]       |                     [32m[Ksockfd2_[m[K
[2.491s] [01m[K/home/steffens/KITrain/src/ki_train/sensors/gnss/src/gnss_udp_to_topic.cpp:[m[K In destructor â€˜[01m[Kvirtual GNSSUDPPublisher::~GNSSUDPPublisher()[m[Kâ€™:
[2.491s] [01m[K/home/steffens/KITrain/src/ki_train/sensors/gnss/src/gnss_udp_to_topic.cpp:37:15:[m[K [01;31m[Kerror: [m[Kâ€˜[01m[Ksockfd_[m[Kâ€™ was not declared in this scope; did you mean â€˜[01m[Ksockfd2_[m[Kâ€™?
[2.491s]    37 |         close([01;31m[Ksockfd_[m[K);
[2.491s]       |               [01;31m[K^~~~~~~[m[K
[2.491s]       |               [32m[Ksockfd2_[m[K
[2.495s] [01m[K/home/steffens/KITrain/src/ki_train/sensors/gnss/src/gnss_udp_to_topic.cpp:[m[K In member function â€˜[01m[Kvoid GNSSUDPPublisher::receiveLoop()[m[Kâ€™:
[2.495s] [01m[K/home/steffens/KITrain/src/ki_train/sensors/gnss/src/gnss_udp_to_topic.cpp:52:46:[m[K [01;31m[Kerror: [m[Kâ€˜[01m[Ksockfd_[m[Kâ€™ was not declared in this scope; did you mean â€˜[01m[Ksockfd2_[m[Kâ€™?
[2.495s]    52 |             size_t bytes_received = recvfrom([01;31m[Ksockfd_[m[K, buffer, MAX_UDP_PACKET_SIZE,0 , (struct sockaddr *)&client_addr, &addr_len);
[2.495s]       |                                              [01;31m[K^~~~~~~[m[K
[2.495s]       |                                              [32m[Ksockfd2_[m[K
[2.496s] [01m[K/home/steffens/KITrain/src/ki_train/sensors/gnss/src/gnss_udp_to_topic.cpp:[m[K In member function â€˜[01m[Kbool GNSSUDPPublisher::convertToNavSatFix(const char*, size_t)[m[Kâ€™:
[2.496s] [01m[K/home/steffens/KITrain/src/ki_train/sensors/gnss/src/gnss_udp_to_topic.cpp:72:1:[m[K [01;35m[Kwarning: [m[Kno return statement in function returning non-void [[01;35m[K]8;;https://gcc.gnu.org/onlinedocs/gcc/Warning-Options.html#index-Wreturn-type-Wreturn-type]8;;[m[K]
[2.497s]    72 | [01;35m[K}[m[K
[2.497s]       | [01;35m[K^[m[K
[3.128s] gmake[2]: *** [CMakeFiles/gnss_udp_publisher.dir/build.make:76: CMakeFiles/gnss_udp_publisher.dir/src/gnss_udp_to_topic.cpp.o] Error 1
[3.129s] gmake[1]: *** [CMakeFiles/Makefile2:137: CMakeFiles/gnss_udp_publisher.dir/all] Error 2
[3.129s] gmake: *** [Makefile:146: all] Error 2
[3.132s] Invoked command in '/home/steffens/KITrain/build/gnss' returned '2': CMAKE_PREFIX_PATH=${CMAKE_PREFIX_PATH}:/home/steffens/KITrain/install/camera_simulator:/opt/ros/humble /usr/bin/cmake --build /home/steffens/KITrain/build/gnss -- -j16 -l16
