[0.014s] Invoking command in '/home/steffens/KITrain/build/lidar': CMAKE_PREFIX_PATH=/home/steffens/KITrain/install/lidar_msgs:/home/steffens/KITrain/install/track_detector:/home/steffens/KITrain/install/target_velocity_estimator:/home/steffens/KITrain/install/target_distance_estimator:/home/steffens/KITrain/install/signal_detector:/home/steffens/KITrain/install/signal_detection_verificator:/home/steffens/KITrain/install/rgb_detector:/home/steffens/KITrain/install/rgb_camera:/home/steffens/KITrain/install/position_corrector:/home/steffens/KITrain/install/odometry:/home/steffens/KITrain/install/object_fuser:/home/steffens/KITrain/install/localizer:/home/steffens/KITrain/install/lidar:/home/steffens/KITrain/install/lidar_detector:/home/steffens/KITrain/install/gnss:/home/steffens/KITrain/install/clearance_profile_setter:/home/steffens/KITrain/install/clearance_profile_observer:/home/steffens/KITrain/install/camera_simulator:/opt/ros/humble /usr/bin/cmake --build /home/steffens/KITrain/build/lidar -- -j16 -l16
[0.058s] [35m[1mConsolidate compiler generated dependencies of target lidar_udp_publisher[0m
[0.081s] [ 50%] [32mBuilding CXX object CMakeFiles/lidar_udp_publisher.dir/src/lidar_udp_to_topic.cpp.o[0m
[2.054s] [01m[K/home/steffens/KITrain/src/ki_train/sensors/lidar/src/lidar_udp_to_topic.cpp:164:5:[m[K [01;31m[Kerror: [m[Kexpected unqualified-id before â€˜[01m[Kelse[m[Kâ€™
[2.054s]   164 |     [01;31m[Kelse[m[K{
[2.054s]       |     [01;31m[K^~~~[m[K
[2.054s] [01m[K/home/steffens/KITrain/src/ki_train/sensors/lidar/src/lidar_udp_to_topic.cpp:167:9:[m[K [01;31m[Kerror: [m[Kexpected unqualified-id before â€˜[01m[Kreturn[m[Kâ€™
[2.054s]   167 |         [01;31m[Kreturn[m[K true;
[2.054s]       |         [01;31m[K^~~~~~[m[K
[2.054s] [01m[K/home/steffens/KITrain/src/ki_train/sensors/lidar/src/lidar_udp_to_topic.cpp:168:6:[m[K [01;31m[Kerror: [m[Kexpected â€˜[01m[K;[m[Kâ€™ after class definition
[2.054s]   168 |     }
[2.054s]       |      [01;31m[K^[m[K
[2.054s]       |      [32m[K;[m[K
[2.060s] [01m[K/home/steffens/KITrain/src/ki_train/sensors/lidar/src/lidar_udp_to_topic.cpp:[m[K In constructor â€˜[01m[KLidarUDPPublisher::LidarUDPPublisher()[m[Kâ€™:
[2.060s] [01m[K/home/steffens/KITrain/src/ki_train/sensors/lidar/src/lidar_udp_to_topic.cpp:17:9:[m[K [01;31m[Kerror: [m[Kâ€˜[01m[Kpublisher_[m[Kâ€™ was not declared in this scope; did you mean â€˜[01m[Krmw_publisher_t[m[Kâ€™?
[2.060s]    17 |         [01;31m[Kpublisher_[m[K = this ->create_publisher<sensor_msgs::msg::PointCloud2>("pointcloud", 10);
[2.060s]       |         [01;31m[K^~~~~~~~~~[m[K
[2.060s]       |         [32m[Krmw_publisher_t[m[K
[2.072s] [01m[K/home/steffens/KITrain/src/ki_train/sensors/lidar/src/lidar_udp_to_topic.cpp:19:9:[m[K [01;31m[Kerror: [m[Kâ€˜[01m[KgroundTruthPublisher_[m[Kâ€™ was not declared in this scope
[2.072s]    19 |         [01;31m[KgroundTruthPublisher_[m[K = this -> create_publisher<lidar_msgs::msg::GroundTruthArray>("LiDARGroundTruth", 10);
[2.072s]       |         [01;31m[K^~~~~~~~~~~~~~~~~~~~~[m[K
[2.077s] [01m[K/home/steffens/KITrain/src/ki_train/sensors/lidar/src/lidar_udp_to_topic.cpp:22:9:[m[K [01;31m[Kerror: [m[Kâ€˜[01m[Ksockfd_[m[Kâ€™ was not declared in this scope
[2.077s]    22 |         [01;31m[Ksockfd_[m[K = socket(AF_INET, SOCK_DGRAM, 0);
[2.077s]       |         [01;31m[K^~~~~~~[m[K
[2.084s] [01m[K/home/steffens/KITrain/src/ki_train/sensors/lidar/src/lidar_udp_to_topic.cpp:38:13:[m[K [01;31m[Kerror: [m[Kâ€˜[01m[Kreceive_thread_[m[Kâ€™ was not declared in this scope
[2.084s]    38 |             [01;31m[Kreceive_thread_[m[K = std::thread(&LidarUDPPublisher::receiveLoop, this);
[2.084s]       |             [01;31m[K^~~~~~~~~~~~~~~[m[K
[2.088s] [01m[K/home/steffens/KITrain/src/ki_train/sensors/lidar/src/lidar_udp_to_topic.cpp:[m[K In destructor â€˜[01m[Kvirtual LidarUDPPublisher::~LidarUDPPublisher()[m[Kâ€™:
[2.088s] [01m[K/home/steffens/KITrain/src/ki_train/sensors/lidar/src/lidar_udp_to_topic.cpp:42:15:[m[K [01;31m[Kerror: [m[Kâ€˜[01m[Ksockfd_[m[Kâ€™ was not declared in this scope
[2.088s]    42 |         close([01;31m[Ksockfd_[m[K);
[2.088s]       |               [01;31m[K^~~~~~~[m[K
[2.092s] [01m[K/home/steffens/KITrain/src/ki_train/sensors/lidar/src/lidar_udp_to_topic.cpp:[m[K In member function â€˜[01m[Kvoid LidarUDPPublisher::receiveLoop()[m[Kâ€™:
[2.092s] [01m[K/home/steffens/KITrain/src/ki_train/sensors/lidar/src/lidar_udp_to_topic.cpp:57:46:[m[K [01;31m[Kerror: [m[Kâ€˜[01m[Ksockfd_[m[Kâ€™ was not declared in this scope
[2.092s]    57 |             size_t bytes_received = recvfrom([01;31m[Ksockfd_[m[K, buffer, MAX_UDP_PACKET_SIZE,0 , (struct sockaddr *)&client_addr, &addr_len);
[2.092s]       |                                              [01;31m[K^~~~~~~[m[K
[2.100s] [01m[K/home/steffens/KITrain/src/ki_train/sensors/lidar/src/lidar_udp_to_topic.cpp:[m[K In member function â€˜[01m[Kbool LidarUDPPublisher::convertToPointCloud(const char*, size_t)[m[Kâ€™:
[2.101s] [01m[K/home/steffens/KITrain/src/ki_train/sensors/lidar/src/lidar_udp_to_topic.cpp:98:21:[m[K [01;31m[Kerror: [m[Kâ€˜[01m[KpublishPointcloud[m[Kâ€™ was not declared in this scope
[2.101s]    98 |                     [01;31m[KpublishPointcloud[m[K(pointcloud_buffer_);
[2.101s]       |                     [01;31m[K^~~~~~~~~~~~~~~~~[m[K
[2.109s] [01m[K/home/steffens/KITrain/src/ki_train/sensors/lidar/src/lidar_udp_to_topic.cpp:129:21:[m[K [01;31m[Kerror: [m[Kâ€˜[01m[KgroundTruth_buffer_[m[Kâ€™ was not declared in this scope
[2.109s]   129 |                 if(![01;31m[KgroundTruth_buffer_[m[K.empty()){
[2.109s]       |                     [01;31m[K^~~~~~~~~~~~~~~~~~~[m[K
[2.116s] [01m[K/home/steffens/KITrain/src/ki_train/sensors/lidar/src/lidar_udp_to_topic.cpp:130:21:[m[K [01;31m[Kerror: [m[Kâ€˜[01m[KpublishGroundTruth[m[Kâ€™ was not declared in this scope
[2.116s]   130 |                     [01;31m[KpublishGroundTruth[m[K(groundTruth_buffer_);
[2.116s]       |                     [01;31m[K^~~~~~~~~~~~~~~~~~[m[K
[2.124s] [01m[K/home/steffens/KITrain/src/ki_train/sensors/lidar/src/lidar_udp_to_topic.cpp:161:17:[m[K [01;31m[Kerror: [m[Kâ€˜[01m[KgroundTruth_buffer_[m[Kâ€™ was not declared in this scope
[2.124s]   161 |                 [01;31m[KgroundTruth_buffer_[m[K.push_back(groundtruth_msg);
[2.124s]       |                 [01;31m[K^~~~~~~~~~~~~~~~~~~[m[K
[2.128s] [01m[K/home/steffens/KITrain/src/ki_train/sensors/lidar/src/lidar_udp_to_topic.cpp:[m[K In function â€˜[01m[Kvoid publishPointcloud(const std::vector<double, std::allocator<double> >&)[m[Kâ€™:
[2.128s] [01m[K/home/steffens/KITrain/src/ki_train/sensors/lidar/src/lidar_udp_to_topic.cpp:215:5:[m[K [01;31m[Kerror: [m[Kâ€˜[01m[Kpublisher_[m[Kâ€™ was not declared in this scope; did you mean â€˜[01m[Krmw_publisher_t[m[Kâ€™?
[2.128s]   215 |     [01;31m[Kpublisher_[m[K->publish(pointcloud_msg);
[2.128s]       |     [01;31m[K^~~~~~~~~~[m[K
[2.128s]       |     [32m[Krmw_publisher_t[m[K
[2.128s] [01m[K/home/steffens/KITrain/src/ki_train/sensors/lidar/src/lidar_udp_to_topic.cpp:[m[K In function â€˜[01m[Kvoid publishGroundTruth(const std::vector<lidar_msgs::msg::GroundTruth_<std::allocator<void> >, std::allocator<lidar_msgs::msg::GroundTruth_<std::allocator<void> > > >&)[m[Kâ€™:
[2.128s] [01m[K/home/steffens/KITrain/src/ki_train/sensors/lidar/src/lidar_udp_to_topic.cpp:221:34:[m[K [01;31m[Kerror: [m[Kinvalid use of â€˜[01m[Kthis[m[Kâ€™ in non-member function
[2.128s]   221 |         array_msg.header.stamp = [01;31m[Kthis[m[K->now();
[2.128s]       |                                  [01;31m[K^~~~[m[K
[2.133s] [01m[K/home/steffens/KITrain/src/ki_train/sensors/lidar/src/lidar_udp_to_topic.cpp:224:9:[m[K [01;31m[Kerror: [m[Kâ€˜[01m[KgroundTruthPublisher_[m[Kâ€™ was not declared in this scope
[2.133s]   224 |         [01;31m[KgroundTruthPublisher_[m[K->publish(array_msg);
[2.133s]       |         [01;31m[K^~~~~~~~~~~~~~~~~~~~~[m[K
[2.137s] [01m[K/home/steffens/KITrain/src/ki_train/sensors/lidar/src/lidar_udp_to_topic.cpp:[m[K At global scope:
[2.137s] [01m[K/home/steffens/KITrain/src/ki_train/sensors/lidar/src/lidar_udp_to_topic.cpp:232:1:[m[K [01;31m[Kerror: [m[Kexpected declaration before â€˜[01m[K}[m[Kâ€™ token
[2.137s]   232 | [01;31m[K}[m[K;
[2.137s]       | [01;31m[K^[m[K
[2.746s] gmake[2]: *** [CMakeFiles/lidar_udp_publisher.dir/build.make:76: CMakeFiles/lidar_udp_publisher.dir/src/lidar_udp_to_topic.cpp.o] Error 1
[2.747s] gmake[1]: *** [CMakeFiles/Makefile2:137: CMakeFiles/lidar_udp_publisher.dir/all] Error 2
[2.747s] gmake: *** [Makefile:146: all] Error 2
[2.750s] Invoked command in '/home/steffens/KITrain/build/lidar' returned '2': CMAKE_PREFIX_PATH=/home/steffens/KITrain/install/lidar_msgs:/home/steffens/KITrain/install/track_detector:/home/steffens/KITrain/install/target_velocity_estimator:/home/steffens/KITrain/install/target_distance_estimator:/home/steffens/KITrain/install/signal_detector:/home/steffens/KITrain/install/signal_detection_verificator:/home/steffens/KITrain/install/rgb_detector:/home/steffens/KITrain/install/rgb_camera:/home/steffens/KITrain/install/position_corrector:/home/steffens/KITrain/install/odometry:/home/steffens/KITrain/install/object_fuser:/home/steffens/KITrain/install/localizer:/home/steffens/KITrain/install/lidar:/home/steffens/KITrain/install/lidar_detector:/home/steffens/KITrain/install/gnss:/home/steffens/KITrain/install/clearance_profile_setter:/home/steffens/KITrain/install/clearance_profile_observer:/home/steffens/KITrain/install/camera_simulator:/opt/ros/humble /usr/bin/cmake --build /home/steffens/KITrain/build/lidar -- -j16 -l16
