[0.012s] Invoking command in '/home/steffens/KITrain/build/lidar': AMENT_PREFIX_PATH=/home/steffens/KITrain/install/lidar_msgs:${AMENT_PREFIX_PATH} CMAKE_PREFIX_PATH=/home/steffens/KITrain/install/lidar_msgs:/home/steffens/KITrain/install/track_detector:/home/steffens/KITrain/install/target_velocity_estimator:/home/steffens/KITrain/install/target_distance_estimator:/home/steffens/KITrain/install/signal_detector:/home/steffens/KITrain/install/signal_detection_verificator:/home/steffens/KITrain/install/rgb_detector:/home/steffens/KITrain/install/rgb_camera:/home/steffens/KITrain/install/position_corrector:/home/steffens/KITrain/install/odometry:/home/steffens/KITrain/install/object_fuser:/home/steffens/KITrain/install/localizer:/home/steffens/KITrain/install/lidar_detector:/home/steffens/KITrain/install/lidar:/home/steffens/KITrain/install/gnss:/home/steffens/KITrain/install/clearance_profile_setter:/home/steffens/KITrain/install/clearance_profile_observer:/home/steffens/KITrain/install/camera_simulator:/opt/ros/humble LD_LIBRARY_PATH=/home/steffens/KITrain/install/lidar_msgs/lib:${LD_LIBRARY_PATH} PYTHONPATH=/home/steffens/KITrain/install/lidar_msgs/local/lib/python3.10/dist-packages:${PYTHONPATH} /usr/bin/cmake --build /home/steffens/KITrain/build/lidar -- -j16 -l16
[0.058s] [35m[1mConsolidate compiler generated dependencies of target lidar_udp_publisher[0m
[0.082s] [ 50%] [32mBuilding CXX object CMakeFiles/lidar_udp_publisher.dir/src/lidar_udp_to_topic.cpp.o[0m
[2.071s] [01m[K/home/steffens/KITrain/src/ki_train/sensors/lidar/src/lidar_udp_to_topic.cpp:[m[K In constructor â€˜[01m[KLidarUDPPublisher::LidarUDPPublisher()[m[Kâ€™:
[2.071s] [01m[K/home/steffens/KITrain/src/ki_train/sensors/lidar/src/lidar_udp_to_topic.cpp:17:9:[m[K [01;31m[Kerror: [m[Kâ€˜[01m[Kpublisher_[m[Kâ€™ was not declared in this scope; did you mean â€˜[01m[Krmw_publisher_t[m[Kâ€™?
[2.071s]    17 |         [01;31m[Kpublisher_[m[K = this ->create_publisher<sensor_msgs::msg::PointCloud2>("pointcloud", 10);
[2.071s]       |         [01;31m[K^~~~~~~~~~[m[K
[2.071s]       |         [32m[Krmw_publisher_t[m[K
[2.081s] [01m[K/home/steffens/KITrain/src/ki_train/sensors/lidar/src/lidar_udp_to_topic.cpp:19:9:[m[K [01;31m[Kerror: [m[Kâ€˜[01m[KgroundTruthPublisher_[m[Kâ€™ was not declared in this scope; did you mean â€˜[01m[KgroundTruth_buffer_[m[Kâ€™?
[2.081s]    19 |         [01;31m[KgroundTruthPublisher_[m[K = this -> create_publisher<lidar_msgs::msg::GroundTruthArray>("LiDARGroundTruth", 10);
[2.081s]       |         [01;31m[K^~~~~~~~~~~~~~~~~~~~~[m[K
[2.081s]       |         [32m[KgroundTruth_buffer_[m[K
[2.087s] [01m[K/home/steffens/KITrain/src/ki_train/sensors/lidar/src/lidar_udp_to_topic.cpp:22:9:[m[K [01;31m[Kerror: [m[Kâ€˜[01m[Ksockfd_[m[Kâ€™ was not declared in this scope
[2.087s]    22 |         [01;31m[Ksockfd_[m[K = socket(AF_INET, SOCK_DGRAM, 0);
[2.087s]       |         [01;31m[K^~~~~~~[m[K
[2.094s] [01m[K/home/steffens/KITrain/src/ki_train/sensors/lidar/src/lidar_udp_to_topic.cpp:41:13:[m[K [01;31m[Kerror: [m[Kâ€˜[01m[Kreceive_thread_[m[Kâ€™ was not declared in this scope
[2.094s]    41 |             [01;31m[Kreceive_thread_[m[K = std::thread(&LidarUDPPublisher::receiveLoop, this);
[2.094s]       |             [01;31m[K^~~~~~~~~~~~~~~[m[K
[2.098s] [01m[K/home/steffens/KITrain/src/ki_train/sensors/lidar/src/lidar_udp_to_topic.cpp:[m[K In destructor â€˜[01m[Kvirtual LidarUDPPublisher::~LidarUDPPublisher()[m[Kâ€™:
[2.098s] [01m[K/home/steffens/KITrain/src/ki_train/sensors/lidar/src/lidar_udp_to_topic.cpp:46:15:[m[K [01;31m[Kerror: [m[Kâ€˜[01m[Ksockfd_[m[Kâ€™ was not declared in this scope
[2.098s]    46 |         close([01;31m[Ksockfd_[m[K);
[2.098s]       |               [01;31m[K^~~~~~~[m[K
[2.102s] [01m[K/home/steffens/KITrain/src/ki_train/sensors/lidar/src/lidar_udp_to_topic.cpp:[m[K In member function â€˜[01m[Kvoid LidarUDPPublisher::receiveLoop()[m[Kâ€™:
[2.102s] [01m[K/home/steffens/KITrain/src/ki_train/sensors/lidar/src/lidar_udp_to_topic.cpp:65:46:[m[K [01;31m[Kerror: [m[Kâ€˜[01m[Ksockfd_[m[Kâ€™ was not declared in this scope
[2.102s]    65 |             size_t bytes_received = recvfrom([01;31m[Ksockfd_[m[K, buffer, MAX_UDP_PACKET_SIZE,0 , (struct sockaddr *)&client_addr, &addr_len);
[2.102s]       |                                              [01;31m[K^~~~~~~[m[K
[2.104s] [01m[K/home/steffens/KITrain/src/ki_train/sensors/lidar/src/lidar_udp_to_topic.cpp:[m[K In member function â€˜[01m[Kbool LidarUDPPublisher::convertToPointCloud(const char*, size_t)[m[Kâ€™:
[2.104s] [01m[K/home/steffens/KITrain/src/ki_train/sensors/lidar/src/lidar_udp_to_topic.cpp:143:40:[m[K [01;31m[Kerror: [m[Kcannot convert â€˜[01m[Kstd::vector<double, std::allocator<double> >[m[Kâ€™ to â€˜[01m[Kconst std::vector<lidar_msgs::msg::GroundTruth_<std::allocator<void> >, std::allocator<lidar_msgs::msg::GroundTruth_<std::allocator<void> > > >&[m[Kâ€™
[2.104s]   143 |                     publishGroundTruth([01;31m[KgroundTruth_buffer_[m[K);
[2.104s]       |                                        [01;31m[K^~~~~~~~~~~~~~~~~~~[m[K
[2.105s]       |                                        [01;31m[K|[m[K
[2.105s]       |                                        [01;31m[Kstd::vector<double, std::allocator<double> >[m[K
[2.105s] [01m[K/home/steffens/KITrain/src/ki_train/sensors/lidar/src/lidar_udp_to_topic.cpp:271:74:[m[K [01;36m[Knote: [m[K  initializing argument 1 of â€˜[01m[Kvoid LidarUDPPublisher::publishGroundTruth(const std::vector<lidar_msgs::msg::GroundTruth_<std::allocator<void> >, std::allocator<lidar_msgs::msg::GroundTruth_<std::allocator<void> > > >&)[m[Kâ€™
[2.105s]   271 | void publishGroundTruth([01;36m[Kconst std::vector<lidar_msgs::msg::GroundTruth>& buffer[m[K) {
[2.105s]       |                         [01;36m[K~~~~~~~~~~~~~~~~~~~~~~~~~~~~~~~~~~~~~~~~~~~~~~~~~^~~~~~[m[K
[2.105s] [01m[K/home/steffens/KITrain/src/ki_train/sensors/lidar/src/lidar_udp_to_topic.cpp:152:33:[m[K [01;31m[Kerror: [m[Kâ€˜[01m[Kusing GroundTruth = struct lidar_msgs::msg::GroundTruth_<std::allocator<void> >[m[Kâ€™ {aka â€˜[01m[Kstruct lidar_msgs::msg::GroundTruth_<std::allocator<void> >[m[Kâ€™} has no member named â€˜[01m[Kheader[m[Kâ€™
[2.105s]   152 |                 groundtruth_msg.[01;31m[Kheader[m[K.stamp = this->now();
[2.105s]       |                                 [01;31m[K^~~~~~[m[K
[2.105s] [01m[K/home/steffens/KITrain/src/ki_train/sensors/lidar/src/lidar_udp_to_topic.cpp:153:33:[m[K [01;31m[Kerror: [m[Kâ€˜[01m[Kusing GroundTruth = struct lidar_msgs::msg::GroundTruth_<std::allocator<void> >[m[Kâ€™ {aka â€˜[01m[Kstruct lidar_msgs::msg::GroundTruth_<std::allocator<void> >[m[Kâ€™} has no member named â€˜[01m[Kheader[m[Kâ€™
[2.105s]   153 |                 groundtruth_msg.[01;31m[Kheader[m[K.frame_id = "frameidLiDARLabel";
[2.105s]       |                                 [01;31m[K^~~~~~[m[K
[2.105s] [01m[K/home/steffens/KITrain/src/ki_train/sensors/lidar/src/lidar_udp_to_topic.cpp:163:46:[m[K [01;31m[Kerror: [m[Kno matching function for call to â€˜[01m[Kstd::vector<double, std::allocator<double> >::push_back(lidar_msgs::msg::GroundTruth&)[m[Kâ€™
[2.105s]   163 |                 [01;31m[KgroundTruth_buffer_.push_back(groundtruth_msg)[m[K;
[2.106s]       |                 [01;31m[K~~~~~~~~~~~~~~~~~~~~~~~~~~~~~^~~~~~~~~~~~~~~~~[m[K
[2.106s] In file included from [01m[K/usr/include/c++/11/vector:67[m[K,
[2.106s]                  from [01m[K/usr/include/c++/11/functional:62[m[K,
[2.106s]                  from [01m[K/usr/include/c++/11/pstl/glue_algorithm_defs.h:13[m[K,
[2.106s]                  from [01m[K/usr/include/c++/11/algorithm:74[m[K,
[2.106s]                  from [01m[K/opt/ros/humble/include/rclcpp/rclcpp/executor.hpp:18[m[K,
[2.106s]                  from [01m[K/opt/ros/humble/include/rclcpp/rclcpp/executors/multi_threaded_executor.hpp:25[m[K,
[2.106s]                  from [01m[K/opt/ros/humble/include/rclcpp/rclcpp/executors.hpp:21[m[K,
[2.106s]                  from [01m[K/opt/ros/humble/include/rclcpp/rclcpp/rclcpp.hpp:155[m[K,
[2.106s]                  from [01m[K/home/steffens/KITrain/src/ki_train/sensors/lidar/src/lidar_udp_to_topic.cpp:1[m[K:
[2.106s] [01m[K/usr/include/c++/11/bits/stl_vector.h:1187:7:[m[K [01;36m[Knote: [m[Kcandidate: â€˜[01m[Kvoid std::vector<_Tp, _Alloc>::push_back(const value_type&) [with _Tp = double; _Alloc = std::allocator<double>; std::vector<_Tp, _Alloc>::value_type = double][m[Kâ€™
[2.106s]  1187 |       [01;36m[Kpush_back[m[K(const value_type& __x)
[2.106s]       |       [01;36m[K^~~~~~~~~[m[K
[2.106s] [01m[K/usr/include/c++/11/bits/stl_vector.h:1187:35:[m[K [01;36m[Knote: [m[K  no known conversion for argument 1 from â€˜[01m[Klidar_msgs::msg::GroundTruth[m[Kâ€™ {aka â€˜[01m[Klidar_msgs::msg::GroundTruth_<std::allocator<void> >[m[Kâ€™} to â€˜[01m[Kconst value_type&[m[Kâ€™ {aka â€˜[01m[Kconst double&[m[Kâ€™}
[2.106s]  1187 |       push_back([01;36m[Kconst value_type& __x[m[K)
[2.106s]       |                 [01;36m[K~~~~~~~~~~~~~~~~~~^~~[m[K
[2.106s] [01m[K/usr/include/c++/11/bits/stl_vector.h:1203:7:[m[K [01;36m[Knote: [m[Kcandidate: â€˜[01m[Kvoid std::vector<_Tp, _Alloc>::push_back(std::vector<_Tp, _Alloc>::value_type&&) [with _Tp = double; _Alloc = std::allocator<double>; std::vector<_Tp, _Alloc>::value_type = double][m[Kâ€™
[2.106s]  1203 |       [01;36m[Kpush_back[m[K(value_type&& __x)
[2.107s]       |       [01;36m[K^~~~~~~~~[m[K
[2.107s] [01m[K/usr/include/c++/11/bits/stl_vector.h:1203:30:[m[K [01;36m[Knote: [m[K  no known conversion for argument 1 from â€˜[01m[Klidar_msgs::msg::GroundTruth[m[Kâ€™ {aka â€˜[01m[Klidar_msgs::msg::GroundTruth_<std::allocator<void> >[m[Kâ€™} to â€˜[01m[Kstd::vector<double, std::allocator<double> >::value_type&&[m[Kâ€™ {aka â€˜[01m[Kdouble&&[m[Kâ€™}
[2.107s]  1203 |       push_back([01;36m[Kvalue_type&& __x[m[K)
[2.107s]       |                 [01;36m[K~~~~~~~~~~~~~^~~[m[K
[2.111s] [01m[K/home/steffens/KITrain/src/ki_train/sensors/lidar/src/lidar_udp_to_topic.cpp:[m[K In member function â€˜[01m[Kvoid LidarUDPPublisher::publishPointcloud(const std::vector<double, std::allocator<double> >&)[m[Kâ€™:
[2.111s] [01m[K/home/steffens/KITrain/src/ki_train/sensors/lidar/src/lidar_udp_to_topic.cpp:246:5:[m[K [01;31m[Kerror: [m[Kâ€˜[01m[Kpublisher_[m[Kâ€™ was not declared in this scope; did you mean â€˜[01m[Krmw_publisher_t[m[Kâ€™?
[2.111s]   246 |     [01;31m[Kpublisher_[m[K->publish(pointcloud_msg);
[2.111s]       |     [01;31m[K^~~~~~~~~~[m[K
[2.111s]       |     [32m[Krmw_publisher_t[m[K
[2.116s] [01m[K/home/steffens/KITrain/src/ki_train/sensors/lidar/src/lidar_udp_to_topic.cpp:[m[K In member function â€˜[01m[Kvoid LidarUDPPublisher::publishGroundTruth(const std::vector<lidar_msgs::msg::GroundTruth_<std::allocator<void> >, std::allocator<lidar_msgs::msg::GroundTruth_<std::allocator<void> > > >&)[m[Kâ€™:
[2.116s] [01m[K/home/steffens/KITrain/src/ki_train/sensors/lidar/src/lidar_udp_to_topic.cpp:273:13:[m[K [01;31m[Kerror: [m[Kâ€˜[01m[Kpublisher_[m[Kâ€™ was not declared in this scope; did you mean â€˜[01m[Krmw_publisher_t[m[Kâ€™?
[2.116s]   273 |             [01;31m[Kpublisher_[m[K->publish(groundtruth_msg);
[2.116s]       |             [01;31m[K^~~~~~~~~~[m[K
[2.116s]       |             [32m[Krmw_publisher_t[m[K
[2.117s] [01m[K/home/steffens/KITrain/src/ki_train/sensors/lidar/src/lidar_udp_to_topic.cpp:[m[K At global scope:
[2.117s] [01m[K/home/steffens/KITrain/src/ki_train/sensors/lidar/src/lidar_udp_to_topic.cpp:277:5:[m[K [01;31m[Kerror: [m[Kspecializing member â€˜[01m[Krclcpp::Publisher<sensor_msgs::msg::PointCloud2_<std::allocator<void> >, std::allocator<void> >::SharedPtr[m[Kâ€™ requires â€˜[01m[Ktemplate<>[m[Kâ€™ syntax
[2.117s]   277 |     [01;31m[Krclcpp[m[K::Publisher<sensor_msgs::msg::PointCloud2>::SharedPtr publisher_;
[2.117s]       |     [01;31m[K^~~~~~[m[K
[2.120s] [01m[K/home/steffens/KITrain/src/ki_train/sensors/lidar/src/lidar_udp_to_topic.cpp:283:1:[m[K [01;31m[Kerror: [m[Kexpected declaration before â€˜[01m[K}[m[Kâ€™ token
[2.120s]   283 | [01;31m[K}[m[K;
[2.120s]       | [01;31m[K^[m[K
[2.730s] gmake[2]: *** [CMakeFiles/lidar_udp_publisher.dir/build.make:76: CMakeFiles/lidar_udp_publisher.dir/src/lidar_udp_to_topic.cpp.o] Error 1
[2.730s] gmake[1]: *** [CMakeFiles/Makefile2:137: CMakeFiles/lidar_udp_publisher.dir/all] Error 2
[2.730s] gmake: *** [Makefile:146: all] Error 2
[2.733s] Invoked command in '/home/steffens/KITrain/build/lidar' returned '2': AMENT_PREFIX_PATH=/home/steffens/KITrain/install/lidar_msgs:${AMENT_PREFIX_PATH} CMAKE_PREFIX_PATH=/home/steffens/KITrain/install/lidar_msgs:/home/steffens/KITrain/install/track_detector:/home/steffens/KITrain/install/target_velocity_estimator:/home/steffens/KITrain/install/target_distance_estimator:/home/steffens/KITrain/install/signal_detector:/home/steffens/KITrain/install/signal_detection_verificator:/home/steffens/KITrain/install/rgb_detector:/home/steffens/KITrain/install/rgb_camera:/home/steffens/KITrain/install/position_corrector:/home/steffens/KITrain/install/odometry:/home/steffens/KITrain/install/object_fuser:/home/steffens/KITrain/install/localizer:/home/steffens/KITrain/install/lidar_detector:/home/steffens/KITrain/install/lidar:/home/steffens/KITrain/install/gnss:/home/steffens/KITrain/install/clearance_profile_setter:/home/steffens/KITrain/install/clearance_profile_observer:/home/steffens/KITrain/install/camera_simulator:/opt/ros/humble LD_LIBRARY_PATH=/home/steffens/KITrain/install/lidar_msgs/lib:${LD_LIBRARY_PATH} PYTHONPATH=/home/steffens/KITrain/install/lidar_msgs/local/lib/python3.10/dist-packages:${PYTHONPATH} /usr/bin/cmake --build /home/steffens/KITrain/build/lidar -- -j16 -l16
