[0.337s] Invoking command in '/home/steffens/KITrain/build/gnss': CMAKE_PREFIX_PATH=${CMAKE_PREFIX_PATH}:/home/steffens/KITrain/install/camera_simulator:/opt/ros/humble /usr/bin/cmake --build /home/steffens/KITrain/build/gnss -- -j16 -l16
[0.403s] [35m[1mConsolidate compiler generated dependencies of target gnss_udp_publisher[0m
[0.429s] [ 50%] [32mBuilding CXX object CMakeFiles/gnss_udp_publisher.dir/src/gnss_udp_to_topic.cpp.o[0m
[2.921s] [01m[K/home/steffens/KITrain/src/ki_train/sensors/gnss/src/gnss_udp_to_topic.cpp:[m[K In member function â€˜[01m[Kvoid GNSSUDPPublisher::receiveLoop()[m[Kâ€™:
[2.921s] [01m[K/home/steffens/KITrain/src/ki_train/sensors/gnss/src/gnss_udp_to_topic.cpp:61:32:[m[K [01;31m[Kerror: [m[Kâ€˜[01m[Ksocketfd_[m[Kâ€™ was not declared in this scope; did you mean â€˜[01m[Ksockfd_[m[Kâ€™?
[2.921s]    61 |         ssize_t len = recvfrom([01;31m[Ksocketfd_[m[K, buffer.data(), buffer.size(), 0, (struct sockaddr*)&client_addr, &addr_len);
[2.921s]       |                                [01;31m[K^~~~~~~~~[m[K
[2.921s]       |                                [32m[Ksockfd_[m[K
[2.930s] In file included from [01m[K/opt/ros/humble/include/rclcpp/rclcpp/logging.hpp:24[m[K,
[2.930s]                  from [01m[K/opt/ros/humble/include/rclcpp/rclcpp/client.hpp:40[m[K,
[2.930s]                  from [01m[K/opt/ros/humble/include/rclcpp/rclcpp/callback_group.hpp:24[m[K,
[2.930s]                  from [01m[K/opt/ros/humble/include/rclcpp/rclcpp/any_executable.hpp:20[m[K,
[2.930s]                  from [01m[K/opt/ros/humble/include/rclcpp/rclcpp/memory_strategy.hpp:25[m[K,
[2.930s]                  from [01m[K/opt/ros/humble/include/rclcpp/rclcpp/memory_strategies.hpp:18[m[K,
[2.930s]                  from [01m[K/opt/ros/humble/include/rclcpp/rclcpp/executor_options.hpp:20[m[K,
[2.930s]                  from [01m[K/opt/ros/humble/include/rclcpp/rclcpp/executor.hpp:37[m[K,
[2.930s]                  from [01m[K/opt/ros/humble/include/rclcpp/rclcpp/executors/multi_threaded_executor.hpp:25[m[K,
[2.930s]                  from [01m[K/opt/ros/humble/include/rclcpp/rclcpp/executors.hpp:21[m[K,
[2.930s]                  from [01m[K/opt/ros/humble/include/rclcpp/rclcpp/rclcpp.hpp:155[m[K,
[2.930s]                  from [01m[K/home/steffens/KITrain/src/ki_train/sensors/gnss/src/gnss_udp_to_topic.cpp:1[m[K:
[2.930s] [01m[K/home/steffens/KITrain/src/ki_train/sensors/gnss/src/gnss_udp_to_topic.cpp:80:25:[m[K [01;31m[Kerror: [m[Kâ€˜[01m[Kbytes_received[m[Kâ€™ was not declared in this scope
[2.930s]    80 |                         [01;31m[Kbytes_received[m[K, inet_ntoa(client_addr.sin_addr), ntohs(client_addr.sin_port));
[2.930s]       |                         [01;31m[K^~~~~~~~~~~~~~[m[K
[2.930s] [01m[K/home/steffens/KITrain/src/ki_train/sensors/gnss/src/gnss_udp_to_topic.cpp:82:37:[m[K [01;31m[Kerror: [m[Kcannot convert â€˜[01m[Kstd::vector<unsigned char, std::allocator<unsigned char> >[m[Kâ€™ to â€˜[01m[Kconst char*[m[Kâ€™
[2.931s]    82 |             if (!convertToNavSatFix([01;31m[Kbuffer[m[K, len)) {
[2.931s]       |                                     [01;31m[K^~~~~~[m[K
[2.931s]       |                                     [01;31m[K|[m[K
[2.931s]       |                                     [01;31m[Kstd::vector<unsigned char, std::allocator<unsigned char> >[m[K
[2.931s] [01m[K/home/steffens/KITrain/src/ki_train/sensors/gnss/src/gnss_udp_to_topic.cpp:89:41:[m[K [01;36m[Knote: [m[K  initializing argument 1 of â€˜[01m[Kbool GNSSUDPPublisher::convertToNavSatFix(const char*, size_t)[m[Kâ€™
[2.931s]    89 |     bool convertToNavSatFix([01;36m[Kconst char *data[m[K, size_t size) {
[2.931s]       |                             [01;36m[K~~~~~~~~~~~~^~~~[m[K
[3.767s] gmake[2]: *** [CMakeFiles/gnss_udp_publisher.dir/build.make:76: CMakeFiles/gnss_udp_publisher.dir/src/gnss_udp_to_topic.cpp.o] Error 1
[3.768s] gmake[1]: *** [CMakeFiles/Makefile2:137: CMakeFiles/gnss_udp_publisher.dir/all] Error 2
[3.768s] gmake: *** [Makefile:146: all] Error 2
[3.773s] Invoked command in '/home/steffens/KITrain/build/gnss' returned '2': CMAKE_PREFIX_PATH=${CMAKE_PREFIX_PATH}:/home/steffens/KITrain/install/camera_simulator:/opt/ros/humble /usr/bin/cmake --build /home/steffens/KITrain/build/gnss -- -j16 -l16
