[0.319s] Invoking command in '/home/steffens/KITrain/build/gnss': CMAKE_PREFIX_PATH=${CMAKE_PREFIX_PATH}:/home/steffens/KITrain/install/camera_simulator:/opt/ros/humble /usr/bin/cmake --build /home/steffens/KITrain/build/gnss -- -j16 -l16
[0.371s] [35m[1mConsolidate compiler generated dependencies of target gnss_udp_publisher[0m
[0.400s] [ 50%] [32mBuilding CXX object CMakeFiles/gnss_udp_publisher.dir/src/gnss_udp_to_topic.cpp.o[0m
[2.389s] [01m[K/home/steffens/KITrain/src/ki_train/sensors/gnss/src/gnss_udp_to_topic.cpp:[m[K In constructor â€˜[01m[KGNSSUDPPublisher::GNSSUDPPublisher()[m[Kâ€™:
[2.389s] [01m[K/home/steffens/KITrain/src/ki_train/sensors/gnss/src/gnss_udp_to_topic.cpp:22:13:[m[K [01;31m[Kerror: [m[Kâ€˜[01m[Ksockaddr_in[m[Kâ€™ was not declared in this scope; did you mean â€˜[01m[Ksockaddr[m[Kâ€™?
[2.389s]    22 |             [01;31m[Ksockaddr_in[m[K servaddr;
[2.390s]       |             [01;31m[K^~~~~~~~~~~[m[K
[2.390s]       |             [32m[Ksockaddr[m[K
[2.393s] [01m[K/home/steffens/KITrain/src/ki_train/sensors/gnss/src/gnss_udp_to_topic.cpp:23:13:[m[K [01;31m[Kerror: [m[Kâ€˜[01m[Kservaddr[m[Kâ€™ was not declared in this scope
[2.393s]    23 |             [01;31m[Kservaddr[m[K.sin_family = AF_INET;
[2.393s]       |             [01;31m[K^~~~~~~~[m[K
[2.398s] [01m[K/home/steffens/KITrain/src/ki_train/sensors/gnss/src/gnss_udp_to_topic.cpp:24:46:[m[K [01;31m[Kerror: [m[Kâ€˜[01m[KINADDR_ANY[m[Kâ€™ was not declared in this scope
[2.398s]    24 |             servaddr.sin_addr.s_addr = htonl([01;31m[KINADDR_ANY[m[K); //to any available interface
[2.398s]       |                                              [01;31m[K^~~~~~~~~~[m[K
[2.401s] [01m[K/home/steffens/KITrain/src/ki_train/sensors/gnss/src/gnss_udp_to_topic.cpp:24:40:[m[K [01;31m[Kerror: [m[Kâ€˜[01m[Khtonl[m[Kâ€™ was not declared in this scope
[2.401s]    24 |             servaddr.sin_addr.s_addr = [01;31m[Khtonl[m[K(INADDR_ANY); //to any available interface
[2.401s]       |                                        [01;31m[K^~~~~[m[K
[2.405s] [01m[K/home/steffens/KITrain/src/ki_train/sensors/gnss/src/gnss_udp_to_topic.cpp:25:33:[m[K [01;31m[Kerror: [m[Kâ€˜[01m[Khtons[m[Kâ€™ was not declared in this scope
[2.405s]    25 |             servaddr.sin_port = [01;31m[Khtons[m[K(25002);             //PORT for GNSS stream
[2.405s]       |                                 [01;31m[K^~~~~[m[K
[2.409s] [01m[K/home/steffens/KITrain/src/ki_train/sensors/gnss/src/gnss_udp_to_topic.cpp:[m[K In member function â€˜[01m[Kvoid GNSSUDPPublisher::receiveLoop()[m[Kâ€™:
[2.409s] [01m[K/home/steffens/KITrain/src/ki_train/sensors/gnss/src/gnss_udp_to_topic.cpp:47:13:[m[K [01;31m[Kerror: [m[Kâ€˜[01m[Ksockaddr_in[m[Kâ€™ was not declared in this scope; did you mean â€˜[01m[Ksockaddr[m[Kâ€™?
[2.410s]    47 |             [01;31m[Ksockaddr_in[m[K client_addr;
[2.410s]       |             [01;31m[K^~~~~~~~~~~[m[K
[2.410s]       |             [32m[Ksockaddr[m[K
[2.414s] [01m[K/home/steffens/KITrain/src/ki_train/sensors/gnss/src/gnss_udp_to_topic.cpp:48:41:[m[K [01;31m[Kerror: [m[Kâ€˜[01m[Kclient_addr[m[Kâ€™ was not declared in this scope
[2.414s]    48 |             socklen_t addr_len = sizeof([01;31m[Kclient_addr[m[K);
[2.414s]       |                                         [01;31m[K^~~~~~~~~~~[m[K
[2.415s] [01m[K/home/steffens/KITrain/src/ki_train/sensors/gnss/src/gnss_udp_to_topic.cpp:[m[K In member function â€˜[01m[Kbool GNSSUDPPublisher::convertToNavSatFix(const char*, size_t)[m[Kâ€™:
[2.415s] [01m[K/home/steffens/KITrain/src/ki_train/sensors/gnss/src/gnss_udp_to_topic.cpp:67:1:[m[K [01;35m[Kwarning: [m[Kno return statement in function returning non-void [[01;35m[K]8;;https://gcc.gnu.org/onlinedocs/gcc/Warning-Options.html#index-Wreturn-type-Wreturn-type]8;;[m[K]
[2.415s]    67 | [01;35m[K}[m[K
[2.415s]       | [01;35m[K^[m[K
[3.007s] gmake[2]: *** [CMakeFiles/gnss_udp_publisher.dir/build.make:76: CMakeFiles/gnss_udp_publisher.dir/src/gnss_udp_to_topic.cpp.o] Error 1
[3.008s] gmake[1]: *** [CMakeFiles/Makefile2:137: CMakeFiles/gnss_udp_publisher.dir/all] Error 2
[3.008s] gmake: *** [Makefile:146: all] Error 2
[3.012s] Invoked command in '/home/steffens/KITrain/build/gnss' returned '2': CMAKE_PREFIX_PATH=${CMAKE_PREFIX_PATH}:/home/steffens/KITrain/install/camera_simulator:/opt/ros/humble /usr/bin/cmake --build /home/steffens/KITrain/build/gnss -- -j16 -l16
